

Microchip Technology PIC LITE Macro Assembler V1.44 build -154322312 
                                                                                               Mon Nov 27 00:16:57 2017

Microchip Technology Omniscient Code Generator v1.44 (Free mode) build 201709140600
     1                           	processor	16F887
     2                           	opt	pw 120
     3                           	opt	lm
     4                           	psect	cinit,global,class=CODE,merge=1,delta=2
     5                           	psect	cstackCOMMON,global,class=COMMON,space=1,delta=1
     6                           	psect	maintext,global,class=CODE,split=1,delta=2
     7                           	psect	text1,local,class=CODE,merge=1,delta=2
     8                           	dabs	1,0x7E,2
     9  0000                     
    10                           ; Version 1.44
    11                           ; Generated 14/09/2017 GMT
    12                           ; 
    13                           ; Copyright © 2017, Microchip Technology Inc. and its subsidiaries ("Microchip")
    14                           ; All rights reserved.
    15                           ; 
    16                           ; This software is developed by Microchip Technology Inc. and its subsidiaries ("Microch
      +                          ip").
    17                           ; 
    18                           ; Redistribution and use in source and binary forms, with or without modification, are
    19                           ; permitted provided that the following conditions are met:
    20                           ; 
    21                           ;     1. Redistributions of source code must retain the above copyright notice, this lis
      +                          t of
    22                           ;        conditions and the following disclaimer.
    23                           ; 
    24                           ;     2. Redistributions in binary form must reproduce the above copyright notice, this 
      +                          list
    25                           ;        of conditions and the following disclaimer in the documentation and/or other
    26                           ;        materials provided with the distribution.
    27                           ; 
    28                           ;     3. Microchip's name may not be used to endorse or promote products derived from th
      +                          is
    29                           ;        software without specific prior written permission.
    30                           ; 
    31                           ; THIS SOFTWARE IS PROVIDED BY MICROCHIP "AS IS" AND ANY EXPRESS OR IMPLIED WARRANTIES,
    32                           ; INCLUDING, BUT NOT LIMITED TO, THE IMPLIED WARRANTIES OF MERCHANTABILITY AND FITNESS F
      +                          OR
    33                           ; PURPOSE ARE DISCLAIMED.  IN NO EVENT SHALL MICROCHIP BE LIABLE FOR ANY DIRECT, INDIREC
      +                          T,
    34                           ; INCIDENTAL, SPECIAL, EXEMPLARY, OR CONSEQUENTIAL DAMAGES (INCLUDING BUT NOT LIMITED TO
    35                           ; PROCUREMENT OF SUBSTITUTE GOODS OR SERVICES; LOSS OF USE, DATA OR PROFITS; OR BUSINESS
    36                           ; INTERRUPTION) HOWSOEVER CAUSED AND ON ANY THEORY OF LIABILITY, WHETHER IN CONTRACT, ST
      +                          RICT
    37                           ; LIABILITY, OR TORT (INCLUDING NEGLIGENCE OR OTHERWISE) ARISING IN ANY WAY OUT OF THE U
      +                          SE OF
    38                           ; THIS SOFTWARE, EVEN IF ADVISED OF THE POSSIBILITY OF SUCH DAMAGE.
    39                           ; 
    40                           ; 
    41                           ; Code-generator required, PIC16F887 Definitions
    42                           ; 
    43                           ; SFR Addresses
    44  0000                     	;# 
    45  0001                     	;# 
    46  0002                     	;# 
    47  0003                     	;# 
    48  0004                     	;# 
    49  0005                     	;# 
    50  0006                     	;# 
    51  0007                     	;# 
    52  0008                     	;# 
    53  0009                     	;# 
    54  000A                     	;# 
    55  000B                     	;# 
    56  000C                     	;# 
    57  000D                     	;# 
    58  000E                     	;# 
    59  000E                     	;# 
    60  000F                     	;# 
    61  0010                     	;# 
    62  0011                     	;# 
    63  0012                     	;# 
    64  0013                     	;# 
    65  0014                     	;# 
    66  0015                     	;# 
    67  0015                     	;# 
    68  0016                     	;# 
    69  0017                     	;# 
    70  0018                     	;# 
    71  0019                     	;# 
    72  001A                     	;# 
    73  001B                     	;# 
    74  001B                     	;# 
    75  001C                     	;# 
    76  001D                     	;# 
    77  001E                     	;# 
    78  001F                     	;# 
    79  0081                     	;# 
    80  0085                     	;# 
    81  0086                     	;# 
    82  0087                     	;# 
    83  0088                     	;# 
    84  0089                     	;# 
    85  008C                     	;# 
    86  008D                     	;# 
    87  008E                     	;# 
    88  008F                     	;# 
    89  0090                     	;# 
    90  0091                     	;# 
    91  0092                     	;# 
    92  0093                     	;# 
    93  0093                     	;# 
    94  0093                     	;# 
    95  0094                     	;# 
    96  0095                     	;# 
    97  0096                     	;# 
    98  0097                     	;# 
    99  0098                     	;# 
   100  0099                     	;# 
   101  009A                     	;# 
   102  009B                     	;# 
   103  009C                     	;# 
   104  009D                     	;# 
   105  009E                     	;# 
   106  009F                     	;# 
   107  0105                     	;# 
   108  0107                     	;# 
   109  0108                     	;# 
   110  0109                     	;# 
   111  010C                     	;# 
   112  010C                     	;# 
   113  010D                     	;# 
   114  010E                     	;# 
   115  010F                     	;# 
   116  0185                     	;# 
   117  0187                     	;# 
   118  0188                     	;# 
   119  0189                     	;# 
   120  018C                     	;# 
   121  018D                     	;# 
   122  0012                     _T2CON	set	18
   123  0015                     _CCPR1L	set	21
   124  0017                     _CCP1CON	set	23
   125  0009                     _PORTE	set	9
   126  0007                     _PORTC	set	7
   127  0005                     _PORTA	set	5
   128  0008                     _PORTD	set	8
   129  0006                     _PORTB	set	6
   130  001E                     _ADRESH	set	30
   131  001F                     _ADCON0	set	31
   132  0092                     _PR2	set	146
   133  009F                     _ADCON1	set	159
   134  0081                     _OPTION_REG	set	129
   135  0089                     _TRISE	set	137
   136  0088                     _TRISD	set	136
   137  0087                     _TRISC	set	135
   138  0086                     _TRISB	set	134
   139  0085                     _TRISA	set	133
   140  0188                     _ANSEL	set	392
   141  0189                     _ANSELH	set	393
   142                           
   143                           ; #config settings
   144  0000                     
   145                           	psect	cinit
   146  07FC                     start_initialization:	
   147  07FC                     __initialization:	
   148  07FC                     end_of_initialization:	
   149                           ;End of C runtime variable initialization code
   150                           
   151  07FC                     __end_of__initialization:	
   152  07FC  0183               	clrf	3
   153  07FD  120A  118A  2FBC   	ljmp	_main	;jump to C main() function
   154                           
   155                           	psect	cstackCOMMON
   156  0070                     __pcstackCOMMON:	
   157  0070                     ?_PWM_init:	
   158  0070                     ??_PWM_init:	
   159                           ; 1 bytes @ 0x0
   160                           
   161  0070                     ?_main:	
   162                           ; 1 bytes @ 0x0
   163                           
   164                           
   165                           ; 2 bytes @ 0x0
   166  0070                     	ds	1
   167  0071                     ??_main:	
   168                           
   169                           ; 1 bytes @ 0x1
   170  0071                     	ds	3
   171                           
   172                           	psect	maintext
   173  07BC                     __pmaintext:	
   174 ;;
   175 ;;Main: autosize = 0, tempsize = 3, incstack = 0, save=0
   176 ;;
   177 ;; *************** function _main *****************
   178 ;; Defined at:
   179 ;;		line 7 in file "main.c"
   180 ;; Parameters:    Size  Location     Type
   181 ;;		None
   182 ;; Auto vars:     Size  Location     Type
   183 ;;		None
   184 ;; Return value:  Size  Location     Type
   185 ;;                  2   75[None  ] int 
   186 ;; Registers used:
   187 ;;		wreg, status,2, status,0, pclath, cstack
   188 ;; Tracked objects:
   189 ;;		On entry : B00/0
   190 ;;		On exit  : 0/0
   191 ;;		Unchanged: 0/0
   192 ;; Data sizes:     COMMON   BANK0   BANK1   BANK3   BANK2
   193 ;;      Params:         0       0       0       0       0
   194 ;;      Locals:         0       0       0       0       0
   195 ;;      Temps:          3       0       0       0       0
   196 ;;      Totals:         3       0       0       0       0
   197 ;;Total ram usage:        3 bytes
   198 ;; Hardware stack levels required when called:    1
   199 ;; This function calls:
   200 ;;		_PWM_init
   201 ;; This function is called by:
   202 ;;		Startup code after reset
   203 ;; This function uses a non-reentrant model
   204 ;;
   205                           
   206                           
   207                           ;psect for function _main
   208  07BC                     _main:	
   209                           
   210                           ;init.c: 4: PORTA=0; PORTB=0; PORTC=0; PORTD=0; PORTE=0;
   211                           
   212                           ;incstack = 0
   213                           ; Regs used in _main: [wreg+status,2+status,0+pclath+cstack]
   214  07BC  1283               	bcf	3,5	;RP0=0, select bank0
   215  07BD  1303               	bcf	3,6	;RP1=0, select bank0
   216  07BE  0185               	clrf	5	;volatile
   217  07BF  0186               	clrf	6	;volatile
   218  07C0  0187               	clrf	7	;volatile
   219  07C1  0188               	clrf	8	;volatile
   220  07C2  0189               	clrf	9	;volatile
   221                           
   222                           ;init.c: 7: ANSELH= 0;
   223  07C3  1683               	bsf	3,5	;RP0=1, select bank3
   224  07C4  1703               	bsf	3,6	;RP1=1, select bank3
   225  07C5  0189               	clrf	9	;volatile
   226                           
   227                           ;init.c: 8: ANSEL = 0b00000001;
   228  07C6  3001               	movlw	1
   229  07C7  0088               	movwf	8	;volatile
   230                           
   231                           ;init.c: 9: TRISA = 0b00000001;
   232  07C8  3001               	movlw	1
   233  07C9  1683               	bsf	3,5	;RP0=1, select bank1
   234  07CA  1303               	bcf	3,6	;RP1=0, select bank1
   235  07CB  0085               	movwf	5	;volatile
   236                           
   237                           ;init.c: 12: TRISB = 0b00000001;
   238  07CC  3001               	movlw	1
   239  07CD  0086               	movwf	6	;volatile
   240                           
   241                           ;init.c: 15: TRISC=0; TRISD=0; TRISE=0b11111000;
   242  07CE  0187               	clrf	7	;volatile
   243  07CF  0188               	clrf	8	;volatile
   244  07D0  30F8               	movlw	248
   245  07D1  0089               	movwf	9	;volatile
   246                           
   247                           ;init.c: 18: OPTION_REG = 0b00001000;
   248  07D2  3008               	movlw	8
   249  07D3  0081               	movwf	1	;volatile
   250                           
   251                           ;init.c: 21: ADCON1 = 0;
   252  07D4  019F               	clrf	31	;volatile
   253                           
   254                           ;init.c: 22: ADCON0 = 0b01000001;
   255  07D5  3041               	movlw	65
   256  07D6  1283               	bcf	3,5	;RP0=0, select bank0
   257  07D7  1303               	bcf	3,6	;RP1=0, select bank0
   258  07D8  009F               	movwf	31	;volatile
   259                           
   260                           ;init.c: 25: PORTD = 0xFF;
   261  07D9  30FF               	movlw	255
   262  07DA  0088               	movwf	8	;volatile
   263                           
   264                           ;init.c: 26: _delay((unsigned long)((300)*(4000000/4000.0)));
   265  07DB  3002               	movlw	2
   266  07DC  00F3               	movwf	??_main+2
   267  07DD  3086               	movlw	134
   268  07DE  00F2               	movwf	??_main+1
   269  07DF  3099               	movlw	153
   270  07E0  00F1               	movwf	??_main
   271  07E1                     u57:	
   272  07E1  0BF1               	decfsz	??_main,f
   273  07E2  2FE1               	goto	u57
   274  07E3  0BF2               	decfsz	??_main+1,f
   275  07E4  2FE1               	goto	u57
   276  07E5  0BF3               	decfsz	??_main+2,f
   277  07E6  2FE1               	goto	u57
   278                           
   279                           ;init.c: 27: PORTD = 0;
   280  07E7  1283               	bcf	3,5	;RP0=0, select bank0
   281  07E8  1303               	bcf	3,6	;RP1=0, select bank0
   282  07E9  0188               	clrf	8	;volatile
   283                           
   284                           ;init.c: 28: _delay((unsigned long)((300)*(4000000/4000.0)));
   285  07EA  3002               	movlw	2
   286  07EB  00F3               	movwf	??_main+2
   287  07EC  3086               	movlw	134
   288  07ED  00F2               	movwf	??_main+1
   289  07EE  3099               	movlw	153
   290  07EF  00F1               	movwf	??_main
   291  07F0                     u67:	
   292  07F0  0BF1               	decfsz	??_main,f
   293  07F1  2FF0               	goto	u67
   294  07F2  0BF2               	decfsz	??_main+1,f
   295  07F3  2FF0               	goto	u67
   296  07F4  0BF3               	decfsz	??_main+2,f
   297  07F5  2FF0               	goto	u67
   298                           
   299                           ;main.c: 14: PWM_init();
   300  07F6  120A  118A  27AB  120A  118A  	fcall	_PWM_init
   301  07FB                     l76:	
   302                           ;main.c: 18: while (1) {
   303                           
   304  07FB  2FFB               	goto	l76
   305  07FC                     __end_of_main:	
   306                           
   307                           	psect	text1
   308  07AB                     __ptext1:	
   309 ;; *************** function _PWM_init *****************
   310 ;; Defined at:
   311 ;;		line 33 in file "main.c"
   312 ;; Parameters:    Size  Location     Type
   313 ;;		None
   314 ;; Auto vars:     Size  Location     Type
   315 ;;		None
   316 ;; Return value:  Size  Location     Type
   317 ;;                  1    wreg      void 
   318 ;; Registers used:
   319 ;;		wreg, status,2, status,0
   320 ;; Tracked objects:
   321 ;;		On entry : 0/0
   322 ;;		On exit  : 0/0
   323 ;;		Unchanged: 0/0
   324 ;; Data sizes:     COMMON   BANK0   BANK1   BANK3   BANK2
   325 ;;      Params:         0       0       0       0       0
   326 ;;      Locals:         0       0       0       0       0
   327 ;;      Temps:          1       0       0       0       0
   328 ;;      Totals:         1       0       0       0       0
   329 ;;Total ram usage:        1 bytes
   330 ;; Hardware stack levels used:    1
   331 ;; This function calls:
   332 ;;		Nothing
   333 ;; This function is called by:
   334 ;;		_main
   335 ;; This function uses a non-reentrant model
   336 ;;
   337                           
   338                           
   339                           ;psect for function _PWM_init
   340  07AB                     _PWM_init:	
   341                           
   342                           ;main.c: 34: PR2 = 0x13;
   343                           
   344                           ;incstack = 0
   345                           ; Regs used in _PWM_init: [wreg+status,2+status,0]
   346  07AB  3013               	movlw	19
   347  07AC  1683               	bsf	3,5	;RP0=1, select bank1
   348  07AD  1303               	bcf	3,6	;RP1=0, select bank1
   349  07AE  0092               	movwf	18	;volatile
   350                           
   351                           ;main.c: 35: CCP1CON = 0b01111100;
   352  07AF  307C               	movlw	124
   353  07B0  1283               	bcf	3,5	;RP0=0, select bank0
   354  07B1  1303               	bcf	3,6	;RP1=0, select bank0
   355  07B2  0097               	movwf	23	;volatile
   356                           
   357                           ;main.c: 36: CCPR1L = 0b00000101;
   358  07B3  3005               	movlw	5
   359  07B4  0095               	movwf	21	;volatile
   360                           
   361                           ;main.c: 37: T2CON = 0b00000100;
   362  07B5  3004               	movlw	4
   363  07B6  0092               	movwf	18	;volatile
   364                           
   365                           ;main.c: 40: PORTD |= 0b00001111;
   366  07B7  300F               	movlw	15
   367  07B8  00F0               	movwf	??_PWM_init
   368  07B9  0870               	movf	??_PWM_init,w
   369  07BA  0488               	iorwf	8,f	;volatile
   370  07BB  0008               	return
   371  07BC                     __end_of_PWM_init:	
   372  007E                     btemp	set	126	;btemp
   373  007E                     wtemp0	set	126


Data Sizes:
    Strings     0
    Constant    0
    Data        0
    BSS         0
    Persistent  0
    Stack       0

Auto Spaces:
    Space          Size  Autos    Used
    COMMON           14      4       4
    BANK0            80      0       0
    BANK1            80      0       0
    BANK3            96      0       0
    BANK2            96      0       0

Pointer List with Targets:

    None.

Critical Paths under _main in COMMON

    _main->_PWM_init

Critical Paths under _main in BANK0

    None.

Critical Paths under _main in BANK1

    None.

Critical Paths under _main in BANK3

    None.

Critical Paths under _main in BANK2

    None.

Call Graph Tables:

 ---------------------------------------------------------------------------------
 (Depth) Function   	        Calls       Base Space   Used Autos Params    Refs
 ---------------------------------------------------------------------------------
 (0) _main                                                 3     3      0       0
                                              1 COMMON     3     3      0
                           _PWM_init
 ---------------------------------------------------------------------------------
 (1) _PWM_init                                             1     1      0       0
                                              0 COMMON     1     1      0
 ---------------------------------------------------------------------------------
 Estimated maximum stack depth 1
 ---------------------------------------------------------------------------------

 Call Graph Graphs:

 _main (ROOT)
   _PWM_init

 Address spaces:
Name               Size   Autos  Total    Cost      Usage
BITCOMMON            E      0       0       0        0.0%
EEDATA             100      0       0       0        0.0%
NULL                 0      0       0       0        0.0%
CODE                 0      0       0       0        0.0%
COMMON               E      4       4       1       28.6%
BITSFR0              0      0       0       1        0.0%
SFR0                 0      0       0       1        0.0%
BITSFR1              0      0       0       2        0.0%
SFR1                 0      0       0       2        0.0%
STACK                0      0       0       2        0.0%
ABS                  0      0       0       3        0.0%
BITBANK0            50      0       0       4        0.0%
BITSFR3              0      0       0       4        0.0%
SFR3                 0      0       0       4        0.0%
BANK0               50      0       0       5        0.0%
BITSFR2              0      0       0       5        0.0%
SFR2                 0      0       0       5        0.0%
BITBANK1            50      0       0       6        0.0%
BANK1               50      0       0       7        0.0%
BITBANK3            60      0       0       8        0.0%
BANK3               60      0       0       9        0.0%
BITBANK2            60      0       0      10        0.0%
BANK2               60      0       0      11        0.0%
DATA                 0      0       0      12        0.0%


Microchip Technology PIC Macro Assembler V1.44 build -154322312 
Symbol Table                                                                                   Mon Nov 27 00:16:57 2017

                      l76 07FB                        u57 07E1                        u67 07F0  
                     _PR2 0092              __CFG_LVP$OFF 0000             __CFG_DEBUG$ON 0000  
                    _main 07BC                      btemp 007E                      start 0000  
           __CFG_IESO$OFF 0000                     ?_main 0070             __CFG_WDTE$OFF 0000  
                   _ANSEL 0188                     _T2CON 0012                     _PORTA 0005  
                   _PORTB 0006                     _PORTC 0007                     _PORTD 0008  
                   _PORTE 0009                     _TRISA 0085                     _TRISB 0086  
                   _TRISC 0087                     _TRISD 0088                     _TRISE 0089  
           __CFG_PWRTE$ON 0000            __CFG_FCMEN$OFF 0000            __CFG_BOREN$OFF 0000  
        __end_of_PWM_init 07BC                     status 0003                     wtemp0 007E  
         __initialization 07FC              __end_of_main 07FC                    ??_main 0071  
                  _ADCON0 001F                    _ADCON1 009F                    _ADRESH 001E  
                  _CCPR1L 0015                    _ANSELH 0189   __end_of__initialization 07FC  
          __pcstackCOMMON 0070                 ?_PWM_init 0070                __pmaintext 07BC  
                 _CCP1CON 0017                ??_PWM_init 0070                   __ptext1 07AB  
    end_of_initialization 07FC       start_initialization 07FC         __size_of_PWM_init 0011  
__CFG_FOSC$INTRC_NOCLKOUT 0000                 ___latbits 0002                  _PWM_init 07AB  
       __CFG_BOR4V$BOR21V 0000             __size_of_main 0040                _OPTION_REG 0081  
