MPASM 5.75                       PROGRAM.ASM   10-20-2017  2:06:04         PAGE  1


LOC  OBJECT CODE     LINE SOURCE TEXT
  VALUE

                      00001 ; *** SOME INFORMATION AND INITIALISATION HERE ***   ;{
                      00002 
                      00003 ; operating BUILD CONFIGURATIONS drop down menu in the DEBUG toolbar
                      00004 ; FOR SIMULATIONS with MPLAB SIM: select "Debug" this will switch off delays that take thousands of inst
                            ructions
                      00005 ; HARDWARE: select "Release" all delays will be on
                      00006 
                      00007 ; Provided code - do not edit  
                      00008 ; This include setups up various configuration bits for the microcontroller
                      00009 ; we are using, and importantly reserves space for variables.
                      00010 ; If you need to use more variables, please place them in VAR.INC, which you
                      00011 ; can find under the "Header Files" folder. The variables listed there will be
                      00012 ; placed in the first memory bank.
                      00013 ; This code has been provided for you to simplify your work, but you should be
                      00014 ; aware that you cannot ignore it.
                      00015 #include        ECH_1.inc
                      00001 
                      00002 ; ECH_1.inc - to be put before your SUBROUTINES         
                      00003 
                      00004 
                      00005 ; DEFINITIONS related to the PIC and board used
                      00006 ; DO NOT EDIT ! ! !
                      00007 
                      00008 
                      00009 ; this #include enables use of register and bit names from the datasheet
                      00010 ; consists of 
                      00011 ; SymbolicName EQU NumericalValue   ; equates symbolic names to appropriate bit patterns
                      00012 #include <p16F887.inc>
                      00001         LIST
                      00002 
                      00003 ;==========================================================================
                      00004 ; Build date : Jul 02 2017
                      00005 ;  MPASM PIC16F887 processor include
                      00006 ; 
                      00007 ;  (c) Copyright 1999-2017 Microchip Technology, All rights reserved
                      00008 ;==========================================================================
                      00009 
                      00810         LIST
                      00013 ; ! the name of the file should match the PIC microcontroller part name
                      00014 
                      00015 
                      00016 ; setting the CONFIG1 configuration bits - required, explained at the end of the lecture course
2007   00A4           00017         __CONFIG        _CONFIG1, _INTOSCIO & _WDT_OFF & _PWRTE_ON & _MCLRE_ON & _CP_ON & _CPD_OFF & _BO
                            R_OFF & _IESO_OFF & _FCMEN_OFF & _LVP_OFF & _DEBUG_ON
                      00018 ;       configuration bits from the original Microchip code
                      00019 ;       __CONFIG    _CONFIG1, _LVP_OFF & _FCMEN_OFF & _IESO_OFF & _BOR_OFF & _CPD_OFF & _CP_OFF & _MCLRE
                            _OFF & _PWRTE_ON & _WDT_OFF & _INTRC_OSC_NOCLKOUT
                      00020 ;
                      00021 ; _INTOSCIO - use internal 4 MHz oscillator, RA6 and RA7 pins are used for I/O
                      00022 ; _WDT_OFF - the watchdog timer is DISABLED and can be enabled by SWDTEN bit of the WDTCON register
                      00023 ; _PWRTE_ON - power up timer - ENABLED
                      00024 ; _MCLRE_ON - master clear pin function - ENABLED
                      00025 ; _CP_OFF - program memory protection - DISABLED
MPASM 5.75                       PROGRAM.ASM   10-20-2017  2:06:04         PAGE  2


LOC  OBJECT CODE     LINE SOURCE TEXT
  VALUE

                      00026 ; _CPD_OFF - EEPROM protection - DISABLED
                      00027 ; _BOR_OFF - brown out reset - DISABLED
                      00028 ; _IESO_OFF - internal external oscillator switchover - DISABLED
                      00029 ; _FCMEN_OFF - fail safe clock monitor - DISABLED
                      00030 ; _LVP_OFF - low voltage programming - DISABLED
                      00031 ; _DEBUG_ON - in circuit debugger - ENABLED, pins RB6 and RB7 are used by it
                      00032 ; (these and all the other available options are specified in the p16F887.inc file
                      00033 ; ! the best practice is to ALWAYS specify all the bits in the code
                      00034 
                      00035 ; setting the CONFIG2 configuration bits - required, explained at the end of the lecture course
2008   3EFF           00036         __CONFIG        _CONFIG2, _WRT_OFF & _BOR21V
                      00037 ;       as in the Microchip original code
                      00038 ;
                      00039 ; _WRT_OFF - program memory self write function - OFF
                      00040 ; _BOR21V - brown out reset voltage set to 2.1 V (this feature is disabled anyway in CONFIG1 above)
                      00041 
                      00042 
                      00043 #include                ECH_EQU.inc     ; for EQU statements related to the 44 pin demo board wiring of 
                            PORTD and RB0
                      00001 ;       symbolic name for the port connected to LEDs (PORTD)
  00000008            00002 LEDs    EQU             PORTD
                      00003 ;       symbolic names for individual LEDs for BSF and BCF
  00000000            00004 LD0             EQU             0
  00000001            00005 LD1             EQU             1
  00000002            00006 LD2             EQU             2
  00000003            00007 LD3             EQU             3
  00000004            00008 LD4             EQU             4
  00000005            00009 LD5             EQU             5
  00000006            00010 LD6             EQU             6
  00000007            00011 LD7             EQU             7
                      00012 ;
                      00013 ; e.g.  BSF             LEDs, LD3       ; to switch LD3 on
                      00014 ;               BCF             LEDs, LD5       ; to switch LD5 off
                      00015 
                      00016 ; use the following macros to test the switch
                      00017 #define skipRel         btfss PORTB,RB0 ; skip the next instruction if button is released
                      00018 #define skipPre         btfsc PORTB,RB0 ; skip the next instruction if the button is pressed
                      00044 
                      00045 
                      00046 ; ALLOCATION of user RAM, starts where SFRs end at 0x20
                      00047 gr1             udata           ; GPRs for bank 1                                                       
                      00048                 include         VAR.inc         ; YOUR VARIABLES from this file
                      00001 ; list names of your variables one in a row below
                      00002 ; each of them will be allocated a GPR
                      00003 ; and can be referenced by name in your code
                      00004 ; (the assembler will place actual address automatically)
                      00005 ; examples:
                      00006 ;Ctr1   RES     1       ; your vaiable, e.g., for counter 1
                      00007 ;Ctr2   RES     1
0000                  00008 Temp    RES     1       ; this is used by the examples
0001                  00009 A       RES     1
0002                  00010 Bop     RES     1
                      00011 
MPASM 5.75                       PROGRAM.ASM   10-20-2017  2:06:04         PAGE  3


LOC  OBJECT CODE     LINE SOURCE TEXT
  VALUE

                      00049                 include         ECH_VAR.inc     ; variables required for subroutines
                      00001 ; ECH_VAR.INC - declaration of variables used in the AK subroutines
                      00002 
0003                  00003 D_Ctr1  RES     1       ; could be more than 1 byte, e.g., for int or float
0004                  00004 D_Ctr2  RES 1   ; 1 byte (one GPR) is reserved here and below
0005                  00005 D_Ctr3  RES     1
0006                  00006 R_Old   RES     1
0007                  00007 S_Tmp           RES     1       ; scratch pad registers
0008                  00008 S_Tmp1  RES     1
                      00009 ; the above variables could be named like Tmp1 Tmp2 etc, and used in
                      00010 ; the rest of the program if necessary to save RAM (not in the ISR though)
                      00050 gr2             udata           ; GPRs for bank 2 - none used
                      00051 ; GPRs for banks 3 and 4 can be defined as above
                      00052 gr3             udata_shr       ; these variables will be put to the RAM shared among all the banks (las
                            t 16 GPRs)      
0000                  00053 W_TMP   RES             1
0001                  00054 ST_TMP  RES             1
                      00055 
                      00056 
                      00057 ; CODE sections at different addresses
                      00058                 ; entry on reset - address 0x0 is fixed by PIC architecture
                      00059 V_RES   CODE    0x0
0000   0000           00060                 NOP
0001   2???           00061                 goto    Main
                      00062                 ; entry on interrupt - address 0x4 fixed by PIC architecture
                      00063 V_INT   CODE    0x4
0004   2???           00064                 goto    ISR
                      00065                 CODE    ; conventional placement of subroutines - before the INITIALISATION
                      00066 
                      00067 
                      00068 ; subroutines prepared for the coursework
                      00069                 include ECH_SUB.INC
                      00001 ; DO NOT EDIT ! ! !
                      00002 
                      00003 ; ECH_SUB.INC - subroutines supplied for
                      00004 ; delay for 1 ms  (Del_ms)
                      00005 ; delay for 1 ms  times W (DelWms)
                      00006 ; delay for 0.1 s times W (DelWds)
                      00007 
                      00008 
                      00009 #ifdef __DEBUG  ; to facilitate in-circuit debugging -
                      00010                                 ; all delay subroutines return immediately as below
                      00011 
                      00012 Del_ms  return
                      00013 DelWms  return
                      00014 DelWds  return
                      00015 
                      00016 #else                   ; this is the code to provide the delays
                      00017 
                      00018 ; precise delay for 1 ms
                      00019 ; uses  D_Ctr1
                      00020 ; calls nothing 
0000   30F8           00021 Del_ms  movlw   D'248'  ; value tuned at the debug stage
MPASM 5.75                       PROGRAM.ASM   10-20-2017  2:06:04         PAGE  4


LOC  OBJECT CODE     LINE SOURCE TEXT
  VALUE

0001   00??           00022                 movwf   D_Ctr1
0002   0000           00023 D_L1    nop
0003   0B??           00024                 decfsz  D_Ctr1, F
0004   2???           00025                 goto    D_L1
0005   0000           00026                 nop
0006   0000           00027                 nop
0007   0000           00028                 nop
0008   0008           00029                 return
                      00030 ; not precise but approximate delay for W times 1 ms
                      00031 ; uses  D_Ctr2
                      00032 ; calls Del_ms 
0009   00??           00033 DelWms  movwf   D_Ctr2
000A   2???           00034 D_L2    call    Del_ms
000B   0B??           00035                 decfsz  D_Ctr2, F
000C   2???           00036                 goto    D_L2
000D   0008           00037                 return
                      00038 ; not precise but approximate delay for W times 1 ds (0.1 s)
                      00039 ; uses  D_Ctr3
                      00040 ; calls DelWms 
000E   00??           00041 DelWds  movwf   D_Ctr3
000F   3064           00042 D_L3    movlw   D'100'
0010   2???           00043                 call    DelWms
0011   0B??           00044                 decfsz  D_Ctr3, F
0012   2???           00045                 goto    D_L3
0013   0008           00046                 return
                      00047 
                      00048 #endif
                      00049 
                      00050 
                      00051 ; reading the ADC with the delay for conversion
0014   149F           00052 ReadADC bsf             ADCON0, GO_DONE         ; strat the conversion
0015   1C9F           00053 RADC1   btfss   ADCON0, GO_DONE         ; test the DONE bit
0016   2???           00054                 goto    RADC1                           ; if not set, test again
0017   081E           00055                 movfw   ADRESH                          ; data ready => copy to W
0018   0008           00056                 return
                      00057 
                      00058 ; de-bouncing switches using a delay for 20 ms
                      00059 ; uses  R_Old
                      00060 ; calls DelWms 
0019                  00061 DeBounce
0019   0806           00062                 movfw   PORTB                   ; copy SwPort to W
001A   3901           00063                 andlw   B'00000001'             ; mask unused bits (one bit is in use only)
001B   00??           00064                 movwf   R_Old                   ; save data to a work register
001C   3014           00065                 movlw   D'20'
001D   2???           00066                 call    DelWms                  ; wait for 20 ms and read again
001E   0806           00067                 movfw   PORTB
001F   3901           00068                 andlw   B'00000001'             
0020   06??           00069                 xorwf   R_Old,W                 ; compare with the old value
0021   1D03           00070                 btfss   STATUS,Z
0022   2???           00071                 goto    DeBounce                ; if the value changed - do again
0023   08??           00072                 movfw   R_Old                   ; reading is stable => return it
0024   0008           00073                 return
                      00074 
MPASM 5.75                       PROGRAM.ASM   10-20-2017  2:06:04         PAGE  5


LOC  OBJECT CODE     LINE SOURCE TEXT
  VALUE

                      00075 
                      00076 ; selecting one option out of four
                      00077 ; rotate the potentiometer to have the right LED on 
                      00078 ; then press the button to confirm
                      00079 ; LD4 is used to show that potentiometer input is on
0025                  00080 Select4
0025   0808           00081                 movfw   LEDs
0026   00??           00082                 movwf   S_Tmp1          ; LEDs -> Tmp1 to restore later
                      00083 
0027   0188           00084 Sel4Rd  clrf    LEDs
0028   08??           00085                 movfw   S_Tmp1
0029   39C0           00086                 andlw   B'11000000'
002A   0088           00087                 movwf   LEDs            ; restore 3 MSB of LEDs
002B   1608           00088                 bsf             LEDs,LD4        ; indicator on
                      00089 
                      00090 ;               get the two MSBs of the ADC value
002C   2???           00091                 call    ReadADC
002D   39C0           00092                 andlw   B'11000000'     ; mask unused bits
002E   00??           00093                 movwf   S_Tmp                   ; copy MSBs only
                      00094 
                      00095 ;               analyse two MSBs of the ADC value
002F   1B80           00096                 btfsc   S_Tmp, D'7'     ; test bit 7
0030   2???           00097                 goto    SelMSB1
0031   1B00           00098                 btfsc   S_Tmp, D'6'     ; test bit 6
0032   2???           00099                 goto    Sel1
                      00100 
0033   1408           00101 Sel0    bsf             LEDs, LD0       ; bits were 00
0034   3001           00102                 movlw   B'00000001'     ; choice 0 selected
0035   2???           00103                 goto    SelBut
                      00104                         
0036   1488           00105 Sel1    bsf             LEDs, LD1       ; bits were 01
0037   3002           00106                 movlw   B'00000010'     ; choice 1 selected
0038   2???           00107                 goto    SelBut
                      00108 
0039                  00109 SelMSB1                                         ; bit 7 was 1, test bit 6
0039   1B00           00110                 btfsc   S_Tmp, D'6'
003A   2???           00111                 goto    Sel3
                      00112 
003B   1508           00113 Sel2    bsf             LEDs, LD2       ; bits were 10
003C   3004           00114                 movlw   B'00000100'     ; choice 2 selected
003D   2???           00115                 goto    SelBut
                      00116 
003E   1588           00117 Sel3    bsf             LEDs, LD3       ; bits were 11
003F   3008           00118                 movlw   B'00001000'     ; choice 1 selected
                      00119 
0040   00??           00120 SelBut  movwf   S_Tmp                   ; W is used in DeBounce
0041   2???           00121                 call    DeBounce
0042   1806           00122                 skipPre
0043   2???           00123                 goto    Sel4Rd          ; no confirmation - start again
                      00124 
0044   0188           00125                 clrf    LEDs            ; blink the selection
0045   3003           00126                 movlw   3
0046   2???           00127                 call    DelWds
MPASM 5.75                       PROGRAM.ASM   10-20-2017  2:06:04         PAGE  6


LOC  OBJECT CODE     LINE SOURCE TEXT
  VALUE

0047   08??           00128                 movfw   S_Tmp
0048   0088           00129                 movwf   LEDs
0049   3004           00130                 movlw   4
004A   2???           00131                 call    DelWds
004B   0188           00132                 clrf    LEDs
004C   3003           00133                 movlw   3
004D   2???           00134                 call    DelWds
                      00135 
004E   08??           00136                 movfw   S_Tmp1
004F   0088           00137                 movwf   LEDs            ; Tmp1 -> LEDs restore before return
                      00138 
0050   08??           00139                 movfw   S_Tmp                   ; return Sel4 in W
                      00140 
0051   0008           00141                 return
                      00142 
                      00143 ; selecting 2 bit binary value
                      00144 ; rotate the potentiometer to have the right LED on 
                      00145 ; then press the button to confirm
                      00146 ; LD4 is used to show that potentiometer input is on
0052                  00147 SelectB
0052   0808           00148                 movfw   LEDs
0053   00??           00149                 movwf   S_Tmp1          ; LEDs -> Tmp1 to restore later
                      00150 
0054   0188           00151 SelBRd  clrf    LEDs
0055   08??           00152                 movfw   S_Tmp1
0056   39C0           00153                 andlw   B'11000000'
0057   0088           00154                 movwf   LEDs            ; restore 3 MSB of LEDs
0058   1608           00155                 bsf             LEDs,LD4        ; indicator on
                      00156 
                      00157 ;               get the two MSBs of the ADC value
0059   2???           00158 SelL2   call    ReadADC
005A   39C0           00159                 andlw   B'11000000'     ; mask unused bits
005B   00??           00160                 movwf   S_Tmp                   ; copy MSBs only
                      00161 
                      00162 ;               rotate MSBs to LSBs
005C   1003           00163                 bcf             STATUS, C       ; clear carry flag as it is used for rotation
005D   0C??           00164                 rrf             S_Tmp, F
005E   0C??           00165                 rrf             S_Tmp, F
005F   0C??           00166                 rrf             S_Tmp, F
0060   0C??           00167                 rrf             S_Tmp, F
0061   0C??           00168                 rrf             S_Tmp, F
0062   0C??           00169                 rrf             S_Tmp, F
                      00170 
0063   0808           00171                 movfw   LEDs
0064   39FC           00172                 andlw   B'11111100'
0065   04??           00173                 iorwf   S_Tmp,W
0066   0088           00174                 movwf   LEDs
                      00175 
0067   2???           00176                 call    DeBounce
0068   1806           00177                 skipPre
0069   2???           00178                 goto    SelBRd          ; loop here until the button is pressed 
                      00179 
006A   0188           00180                 clrf    LEDs            ; blink the result
MPASM 5.75                       PROGRAM.ASM   10-20-2017  2:06:04         PAGE  7


LOC  OBJECT CODE     LINE SOURCE TEXT
  VALUE

006B   3003           00181                 movlw   3
006C   2???           00182                 call    DelWds
006D   08??           00183                 movfw   S_Tmp
006E   0088           00184                 movwf   LEDs
006F   3004           00185                 movlw   4
0070   2???           00186                 call    DelWds
0071   0188           00187                 clrf    LEDs
0072   3003           00188                 movlw   3
0073   2???           00189                 call    DelWds
                      00190 
0074   08??           00191                 movfw   S_Tmp1
0075   0088           00192                 movwf   LEDs            ; Tmp1 -> LEDs restore before return
                      00193 
0076   08??           00194                 movfw   S_Tmp                   ; return Sel4 in W
                      00195 
0077   0008           00196                 return
                      00197                 
                      00070 
                      00016 
                      00017 ; Place your SUBROUTINE(S) (if any) here ...  
                      00018 ;{ 
0078   0009           00019 ISR     retfie  ; replace retfie with your ISR if necessary
                      00020 
0079   0782           00021 LUT     addwf   PCL,F 
007A   3400           00022         retlw   B'00000000' 
007B   3401           00023         retlw   B'00000001' 
007C   3402           00024         retlw   B'00000010' 
007D   3403           00025         retlw   B'00000011'
007E   3404           00026         retlw   B'00000100' 
007F   3405           00027         retlw   B'00000101' 
0080   3406           00028         retlw   B'00000110' 
0081   3407           00029         retlw   B'00000111' 
0082   3408           00030         retlw   B'00001000' 
0083   3409           00031         retlw   B'00001001' 
0084   340A           00032         retlw   B'00001010' 
0085   340B           00033         retlw   B'00001011' 
0086   340C           00034         retlw   B'00001100' 
0087   340D           00035         retlw   B'00001101' 
0088   340E           00036         retlw   B'00001110' 
0089   340F           00037         retlw   B'00001111'  
                      00038 
                      00039 ;}
                      00040 ; end of your subroutines
                      00041 
                      00042 ; Provided code - do not edit  
008A   0000           00043 Main    nop
                      00044         
                      00045 ; This include contains code that runs each time your board is turned on, such 
                      00046 ; as configuring the pins, peripherals and flashing the LEDs. Read it to
                      00047 ; understand what is going on.
                      00048 #include ECH_INIT.inc
                      00001 ; DO NOT EDIT ! ! !
                      00002 
MPASM 5.75                       PROGRAM.ASM   10-20-2017  2:06:04         PAGE  8


LOC  OBJECT CODE     LINE SOURCE TEXT
  VALUE

                      00003 ; initialisation of the pins according to board wiring   
                      00004 ;{
                      00005 ; set all outputs to zero before configuring the pinsLEDs to off before configuring the pins
008B   0185           00006                 clrf    PORTA
008C   0186           00007                 clrf    PORTB
008D   0187           00008                 clrf    PORTC
008E   0188           00009                 clrf    PORTD
008F   0189           00010                 clrf    PORTE
                      00011 
0090   1683 1703      00012                 banksel ANSELH                  ; switch to bank 4
                      00013 
                      00014 ; disable analogue inputs except for RA0
Message[302]: Register in operand not in bank 0.  Ensure that bank bits are correct.
0092   0189           00015                 clrf    ANSELH
0093   3001           00016                 movlw   B'00000001'
Message[302]: Register in operand not in bank 0.  Ensure that bank bits are correct.
0094   0088           00017                 movwf   ANSEL
                      00018 
0095   1683 1303      00019                 banksel TRISA                   ; switch to bank 1
                      00020 
                      00021 ; init unused pins for PORTA (outputs)
0097   3001           00022                 movlw   B'00000001'     ; this constant was in W already, shown here for clarity
Message[302]: Register in operand not in bank 0.  Ensure that bank bits are correct.
0098   0085           00023                 movwf   TRISA
                      00024 
                      00025 ; init PORTB (RB0 for input, unused pins for output)
0099   3001           00026                 movlw   B'00000001'     ; this constant was in W already, shown here for clarity
Message[302]: Register in operand not in bank 0.  Ensure that bank bits are correct.
009A   0086           00027                 movwf   TRISB
                      00028 
                      00029 ; init PORTC (all pins unused - for output)
009B   3000           00030                 movlw   B'00000000'     ; this constant was in W already, shown here for clarity
Message[302]: Register in operand not in bank 0.  Ensure that bank bits are correct.
009C   0087           00031                 movwf   TRISC
                      00032 
                      00033 ; init LEDs (PORTD to outputs)
Message[302]: Register in operand not in bank 0.  Ensure that bank bits are correct.
009D   0188           00034                 clrf    TRISD
                      00035 
                      00036 ; init PORTE (four pins present, RE3 is MCLR anyway; all outputs for simplicity)
009E   30F8           00037                 movlw   B'11111000'     
Message[302]: Register in operand not in bank 0.  Ensure that bank bits are correct.
009F   0089           00038                 movwf   TRISE
                      00039 
                      00040 ; init the TMR0 keeping the two MSBs of OPTION_REG the same
Message[302]: Register in operand not in bank 0.  Ensure that bank bits are correct.
00A0   0801           00041                 movfw   OPTION_REG
00A1   3908           00042                 andlw   B'00001000'             ; prescaler to WDT to have Tcy clock for TMR0
Message[302]: Register in operand not in bank 0.  Ensure that bank bits are correct.
00A2   0081           00043         movwf   OPTION_REG       
                      00044 
                      00045 ; init the ADC - need bank 0 and 1
Message[302]: Register in operand not in bank 0.  Ensure that bank bits are correct.
MPASM 5.75                       PROGRAM.ASM   10-20-2017  2:06:04         PAGE  9


LOC  OBJECT CODE     LINE SOURCE TEXT
  VALUE

00A3   019F           00046                 clrf    ADCON1          ; Left justified, refernces: Vss and Vdd
00A4   1283 1303      00047                 banksel PORTD           ; switch back to bank 0
00A6   3041           00048                 movlw   B'01000001'     ; Fosc/8, AN0, enable 
00A7   009F           00049                 movwf   ADCON0
                      00050 ;}
                      00051 
                      00052 ;       
                      00053 ; blink LEDs for 0.3 s for testing   
                      00054 ;{
00A8   30FF           00055                 movlw   B'11111111'     ; all LEDs ON
00A9   0088           00056                 movwf   LEDs
00AA   3003           00057                 movlw   D'3'            ; delay
00AB   2???           00058                 call    DelWds
00AC   0188           00059                 clrf    LEDs            ; all LEDs OFF
00AD   3003           00060                 movlw   D'3'            ; delay
00AE   2???           00061                 call    DelWds
                      00062 ;}
                      00063 ;
                      00064         
                      00049 
                      00050 ; Place your INITIALISATION code (if any) here ...   
                      00051 ;{ ***          ***************************************************
                      00052 ; e.g.,         movwf   Ctr1 ; etc
                      00053 
                      00054 
                      00055 ;} 
                      00056 ; end of your initialisation
                      00057 
                      00058 
00AF   0000           00059 MLoop   nop
                      00060 
                      00061 ; place your superloop code here ...  
                      00062 ;{
                      00063 
                      00064         ;       enter A
00B0   1788           00065         bsf     LEDs,LD7
00B1   2???           00066         call    SelectB
00B2   00??           00067         movwf   A
                      00068 
                      00069         ; Place your code to read a value for B. A variable 'Bop' is 
                      00070         ; available for you to use. Don't forget to set the LEDs
                      00071         ; appropriately (LD7 off, LD6 on)
                      00072 
00B3   1388           00073         bcf     LEDs,LD7
00B4   1708           00074         bsf     LEDs,LD6
00B5   2???           00075         call    SelectB
00B6   00??           00076         movwf   Bop
                      00077         ; Place your code here to combine A and B together as follows:
                      00078         ; [0 0 0 0  A_MSB A_LSB B_MSB B_LSB]
                      00079         
00B7   1003           00080         bcf     STATUS, C
00B8   0D??           00081         rlf     A, F
00B9   0D??           00082         rlf     A, W
MPASM 5.75                       PROGRAM.ASM   10-20-2017  2:06:04         PAGE 10


LOC  OBJECT CODE     LINE SOURCE TEXT
  VALUE

00BA   07??           00083         addwf   Bop, W
                      00084         
                      00085         ;call the look up table and display result on the LEDs
00BB   2???           00086         call    LUT
00BC   0088           00087         movwf   LEDs
00BD   1788           00088         bsf     LEDs,LD7
00BE   1708           00089         bsf     LEDs,LD6
                      00090         
                      00091         ;make sure that it stop and run another time after press button
00BF   1806           00092 Stop1   skipPre
00C0   2???           00093         goto  Stop1
00C1   1308           00094         bcf     LEDs,LD6
00C2   1388           00095         bcf     LEDs,LD7
00C3   1C06           00096 Stop2   skipRel
00C4   2???           00097         goto  Stop2
                      00098 
                      00099 
                      00100 ;}      
                      00101 ; end of your superloop code
                      00102 
00C5   2???           00103         goto    MLoop
                      00104 
Warning[205]: Found directive in column 1. (end)
00A4 3EFF             00105 end
MPASM 5.75                       PROGRAM.ASM   10-20-2017  2:06:04         PAGE 11


SYMBOL TABLE
  LABEL                             VALUE 

A                                 00000001
ABDEN                             00000000
ABDOVF                            00000007
ACKDT                             00000005
ACKEN                             00000004
ACKSTAT                           00000006
ADCON0                            0000001F
ADCON1                            0000009F
ADCS0                             00000006
ADCS1                             00000007
ADDEN                             00000003
ADFM                              00000007
ADIE                              00000006
ADIF                              00000006
ADON                              00000000
ADRESH                            0000001E
ADRESL                            0000009E
ANS0                              00000000
ANS1                              00000001
ANS10                             00000002
ANS11                             00000003
ANS12                             00000004
ANS13                             00000005
ANS2                              00000002
ANS3                              00000003
ANS4                              00000004
ANS5                              00000005
ANS6                              00000006
ANS7                              00000007
ANS8                              00000000
ANS9                              00000001
ANSEL                             00000188
ANSELH                            00000189
BAUDCTL                           00000187
BCLIE                             00000003
BCLIF                             00000003
BF                                00000000
BRG0                              00000000
BRG1                              00000001
BRG10                             00000002
BRG11                             00000003
BRG12                             00000004
BRG13                             00000005
BRG14                             00000006
BRG15                             00000007
BRG16                             00000003
BRG2                              00000002
BRG3                              00000003
BRG4                              00000004
BRG5                              00000005
BRG6                              00000006
BRG7                              00000007
BRG8                              00000000
MPASM 5.75                       PROGRAM.ASM   10-20-2017  2:06:04         PAGE 12


SYMBOL TABLE
  LABEL                             VALUE 

BRG9                              00000001
BRGH                              00000002
Bop                               00000002
C                                 00000000
C1CH0                             00000000
C1CH1                             00000001
C1IE                              00000005
C1IF                              00000005
C1OE                              00000005
C1ON                              00000007
C1OUT                             00000006
C1POL                             00000004
C1R                               00000002
C1RSEL                            00000005
C1SEN                             00000005
C2CH0                             00000000
C2CH1                             00000001
C2IE                              00000006
C2IF                              00000006
C2OE                              00000005
C2ON                              00000007
C2OUT                             00000006
C2POL                             00000004
C2R                               00000002
C2REN                             00000004
C2RSEL                            00000004
C2SYNC                            00000000
CCP1CON                           00000017
CCP1IE                            00000002
CCP1IF                            00000002
CCP1M0                            00000000
CCP1M1                            00000001
CCP1M2                            00000002
CCP1M3                            00000003
CCP1X                             00000005
CCP1Y                             00000004
CCP2CON                           0000001D
CCP2IE                            00000000
CCP2IF                            00000000
CCP2M0                            00000000
CCP2M1                            00000001
CCP2M2                            00000002
CCP2M3                            00000003
CCP2X                             00000005
CCP2Y                             00000004
CCPR1                             00000015
CCPR1H                            00000016
CCPR1L                            00000015
CCPR2                             0000001B
CCPR2H                            0000001C
CCPR2L                            0000001B
CHS0                              00000002
CHS1                              00000003
MPASM 5.75                       PROGRAM.ASM   10-20-2017  2:06:04         PAGE 13


SYMBOL TABLE
  LABEL                             VALUE 

CHS2                              00000004
CHS3                              00000005
CKE                               00000006
CKP                               00000004
CM1CON0                           00000107
CM2CON0                           00000108
CM2CON1                           00000109
CREN                              00000004
CSRC                              00000007
D                                 00000005
DATA_ADDRESS                      00000005
DC                                00000001
DC1B0                             00000004
DC1B1                             00000005
DC2B0                             00000004
DC2B1                             00000005
D_A                               00000005
D_Ctr1                            00000003
D_Ctr2                            00000004
D_Ctr3                            00000005
D_L1                              00000002
D_L2                              0000000A
D_L3                              0000000F
D_NOT_A                           00000005
DeBounce                          00000019
DelWds                            0000000E
DelWms                            00000009
Del_ms                            00000000
ECCPAS                            0000009C
ECCPAS0                           00000004
ECCPAS1                           00000005
ECCPAS2                           00000006
ECCPASE                           00000007
EEADR                             0000010D
EEADRH                            0000010F
EECON1                            0000018C
EECON2                            0000018D
EEDAT                             0000010C
EEDATA                            0000010C
EEDATH                            0000010E
EEIE                              00000004
EEIF                              00000004
EEPGD                             00000007
F                                 00000001
FERR                              00000002
FSR                               00000004
FVREN                             00000000
GCEN                              00000007
GIE                               00000007
GO                                00000001
GO_DONE                           00000001
GO_NOT_DONE                       00000001
HTS                               00000002
MPASM 5.75                       PROGRAM.ASM   10-20-2017  2:06:04         PAGE 14


SYMBOL TABLE
  LABEL                             VALUE 

I2C_DATA                          00000005
I2C_READ                          00000002
I2C_START                         00000003
I2C_STOP                          00000004
INDF                              00000000
INTCON                            0000000B
INTE                              00000004
INTEDG                            00000006
INTF                              00000001
IOCB                              00000096
IOCB0                             00000000
IOCB1                             00000001
IOCB2                             00000002
IOCB3                             00000003
IOCB4                             00000004
IOCB5                             00000005
IOCB6                             00000006
IOCB7                             00000007
IRCF0                             00000004
IRCF1                             00000005
IRCF2                             00000006
IRP                               00000007
ISR                               00000078
LD0                               00000000
LD1                               00000001
LD2                               00000002
LD3                               00000003
LD4                               00000004
LD5                               00000005
LD6                               00000006
LD7                               00000007
LEDs                              00000008
LTS                               00000001
LUT                               00000079
MC1OUT                            00000007
MC2OUT                            00000006
MLoop                             000000AF
MSK                               00000093
MSK0                              00000000
MSK1                              00000001
MSK2                              00000002
MSK3                              00000003
MSK4                              00000004
MSK5                              00000005
MSK6                              00000006
MSK7                              00000007
Main                              0000008A
NOT_A                             00000005
NOT_ADDRESS                       00000005
NOT_BO                            00000000
NOT_BOR                           00000000
NOT_DONE                          00000001
NOT_PD                            00000003
MPASM 5.75                       PROGRAM.ASM   10-20-2017  2:06:04         PAGE 15


SYMBOL TABLE
  LABEL                             VALUE 

NOT_POR                           00000001
NOT_RBPU                          00000007
NOT_RC8                           00000006
NOT_T1SYNC                        00000002
NOT_TO                            00000004
NOT_TX8                           00000006
NOT_W                             00000002
NOT_WRITE                         00000002
OERR                              00000001
OPTION_REG                        00000081
OSCCON                            0000008F
OSCTUNE                           00000090
OSFIE                             00000007
OSFIF                             00000007
OSTS                              00000003
P                                 00000004
P1M0                              00000006
P1M1                              00000007
PCL                               00000002
PCLATH                            0000000A
PCON                              0000008E
PDC0                              00000000
PDC1                              00000001
PDC2                              00000002
PDC3                              00000003
PDC4                              00000004
PDC5                              00000005
PDC6                              00000006
PEIE                              00000006
PEN                               00000002
PIE1                              0000008C
PIE2                              0000008D
PIR1                              0000000C
PIR2                              0000000D
PORTA                             00000005
PORTB                             00000006
PORTC                             00000007
PORTD                             00000008
PORTE                             00000009
PR2                               00000092
PRSEN                             00000007
PS0                               00000000
PS1                               00000001
PS2                               00000002
PSA                               00000003
PSSAC0                            00000002
PSSAC1                            00000003
PSSBD0                            00000000
PSSBD1                            00000001
PSTRCON                           0000009D
PULSR                             00000002
PULSS                             00000003
PWM1CON                           0000009B
MPASM 5.75                       PROGRAM.ASM   10-20-2017  2:06:04         PAGE 16


SYMBOL TABLE
  LABEL                             VALUE 

R                                 00000002
RA0                               00000000
RA1                               00000001
RA2                               00000002
RA3                               00000003
RA4                               00000004
RA5                               00000005
RA6                               00000006
RA7                               00000007
RADC1                             00000015
RB0                               00000000
RB1                               00000001
RB2                               00000002
RB3                               00000003
RB4                               00000004
RB5                               00000005
RB6                               00000006
RB7                               00000007
RBIE                              00000003
RBIF                              00000000
RC0                               00000000
RC1                               00000001
RC2                               00000002
RC3                               00000003
RC4                               00000004
RC5                               00000005
RC6                               00000006
RC7                               00000007
RC8_9                             00000006
RC9                               00000006
RCD8                              00000000
RCEN                              00000003
RCIDL                             00000006
RCIE                              00000005
RCIF                              00000005
RCREG                             0000001A
RCSTA                             00000018
RD                                00000000
RD0                               00000000
RD1                               00000001
RD2                               00000002
RD3                               00000003
RD4                               00000004
RD5                               00000005
RD6                               00000006
RD7                               00000007
RE0                               00000000
RE1                               00000001
RE2                               00000002
RE3                               00000003
READ_WRITE                        00000002
RP0                               00000005
RP1                               00000006
MPASM 5.75                       PROGRAM.ASM   10-20-2017  2:06:04         PAGE 17


SYMBOL TABLE
  LABEL                             VALUE 

RSEN                              00000001
RX9                               00000006
RX9D                              00000000
R_NOT_W                           00000002
R_Old                             00000006
R_W                               00000002
ReadADC                           00000014
S                                 00000003
SBOREN                            00000004
SCKP                              00000004
SCS                               00000000
SEN                               00000000
SENDB                             00000003
SMP                               00000007
SPBRG                             00000099
SPBRGH                            0000009A
SPEN                              00000007
SR0                               00000006
SR1                               00000007
SRCON                             00000185
SREN                              00000005
SSPADD                            00000093
SSPBUF                            00000013
SSPCON                            00000014
SSPCON2                           00000091
SSPEN                             00000005
SSPIE                             00000003
SSPIF                             00000003
SSPM0                             00000000
SSPM1                             00000001
SSPM2                             00000002
SSPM3                             00000003
SSPMSK                            00000093
SSPOV                             00000006
SSPSTAT                           00000094
STATUS                            00000003
STRA                              00000000
STRB                              00000001
STRC                              00000002
STRD                              00000003
STRSYNC                           00000004
ST_TMP                            00000001
SWDTEN                            00000000
SYNC                              00000004
S_Tmp                             00000007
S_Tmp1                            00000008
Sel0                              00000033
Sel1                              00000036
Sel2                              0000003B
Sel3                              0000003E
Sel4Rd                            00000027
SelBRd                            00000054
SelBut                            00000040
MPASM 5.75                       PROGRAM.ASM   10-20-2017  2:06:04         PAGE 18


SYMBOL TABLE
  LABEL                             VALUE 

SelL2                             00000059
SelMSB1                           00000039
Select4                           00000025
SelectB                           00000052
Stop1                             000000BF
Stop2                             000000C3
T0CS                              00000005
T0IE                              00000005
T0IF                              00000002
T0SE                              00000004
T1CKPS0                           00000004
T1CKPS1                           00000005
T1CON                             00000010
T1GINV                            00000007
T1GIV                             00000007
T1GSS                             00000001
T1INSYNC                          00000002
T1OSCEN                           00000003
T1SYNC                            00000002
T2CKPS0                           00000000
T2CKPS1                           00000001
T2CON                             00000012
TMR0                              00000001
TMR0IE                            00000005
TMR0IF                            00000002
TMR1                              0000000E
TMR1CS                            00000001
TMR1GE                            00000006
TMR1H                             0000000F
TMR1IE                            00000000
TMR1IF                            00000000
TMR1L                             0000000E
TMR1ON                            00000000
TMR2                              00000011
TMR2IE                            00000001
TMR2IF                            00000001
TMR2ON                            00000002
TOUTPS0                           00000003
TOUTPS1                           00000004
TOUTPS2                           00000005
TOUTPS3                           00000006
TRISA                             00000085
TRISA0                            00000000
TRISA1                            00000001
TRISA2                            00000002
TRISA3                            00000003
TRISA4                            00000004
TRISA5                            00000005
TRISA6                            00000006
TRISA7                            00000007
TRISB                             00000086
TRISB0                            00000000
TRISB1                            00000001
MPASM 5.75                       PROGRAM.ASM   10-20-2017  2:06:04         PAGE 19


SYMBOL TABLE
  LABEL                             VALUE 

TRISB2                            00000002
TRISB3                            00000003
TRISB4                            00000004
TRISB5                            00000005
TRISB6                            00000006
TRISB7                            00000007
TRISC                             00000087
TRISC0                            00000000
TRISC1                            00000001
TRISC2                            00000002
TRISC3                            00000003
TRISC4                            00000004
TRISC5                            00000005
TRISC6                            00000006
TRISC7                            00000007
TRISD                             00000088
TRISD0                            00000000
TRISD1                            00000001
TRISD2                            00000002
TRISD3                            00000003
TRISD4                            00000004
TRISD5                            00000005
TRISD6                            00000006
TRISD7                            00000007
TRISE                             00000089
TRISE0                            00000000
TRISE1                            00000001
TRISE2                            00000002
TRISE3                            00000003
TRMT                              00000001
TUN0                              00000000
TUN1                              00000001
TUN2                              00000002
TUN3                              00000003
TUN4                              00000004
TX8_9                             00000006
TX9                               00000006
TX9D                              00000000
TXD8                              00000000
TXEN                              00000005
TXIE                              00000004
TXIF                              00000004
TXREG                             00000019
TXSTA                             00000098
Temp                              00000000
UA                                00000001
ULPWUE                            00000005
ULPWUIE                           00000002
ULPWUIF                           00000002
VCFG0                             00000004
VCFG1                             00000005
VR0                               00000000
VR1                               00000001
MPASM 5.75                       PROGRAM.ASM   10-20-2017  2:06:04         PAGE 20


SYMBOL TABLE
  LABEL                             VALUE 

VR2                               00000002
VR3                               00000003
VRCON                             00000097
VREN                              00000007
VROE                              00000006
VRR                               00000005
VRSS                              00000004
W                                 00000000
WCOL                              00000007
WDTCON                            00000105
WDTPS0                            00000001
WDTPS1                            00000002
WDTPS2                            00000003
WDTPS3                            00000004
WPUB                              00000095
WPUB0                             00000000
WPUB1                             00000001
WPUB2                             00000002
WPUB3                             00000003
WPUB4                             00000004
WPUB5                             00000005
WPUB6                             00000006
WPUB7                             00000007
WR                                00000001
WREN                              00000002
WRERR                             00000003
WUE                               00000001
W_TMP                             00000000
Z                                 00000002
_BOR21V                           00003EFF
_BOR40V                           00003FFF
_BOR4V_BOR21V                     00003EFF
_BOR4V_BOR40V                     00003FFF
_BOREN_NSLEEP                     00003EFF
_BOREN_OFF                        00003CFF
_BOREN_ON                         00003FFF
_BOREN_SBODEN                     00003DFF
_BOR_NSLEEP                       00003EFF
_BOR_OFF                          00003CFF
_BOR_ON                           00003FFF
_BOR_SBODEN                       00003DFF
_CONFIG1                          00002007
_CONFIG2                          00002008
_CPD_OFF                          00003FFF
_CPD_ON                           00003F7F
_CP_OFF                           00003FFF
_CP_ON                            00003FBF
_DEBUG_OFF                        00003FFF
_DEBUG_ON                         00001FFF
_DEVID1                           00002006
_EC_OSC                           00003FFB
_EXTRC                            00003FFF
_EXTRCIO                          00003FFE
MPASM 5.75                       PROGRAM.ASM   10-20-2017  2:06:04         PAGE 21


SYMBOL TABLE
  LABEL                             VALUE 

_EXTRC_OSC_CLKOUT                 00003FFF
_EXTRC_OSC_NOCLKOUT               00003FFE
_FCMEN_OFF                        000037FF
_FCMEN_ON                         00003FFF
_FOSC_EC                          00003FFB
_FOSC_EXTRC_CLKOUT                00003FFF
_FOSC_EXTRC_NOCLKOUT              00003FFE
_FOSC_HS                          00003FFA
_FOSC_INTRC_CLKOUT                00003FFD
_FOSC_INTRC_NOCLKOUT              00003FFC
_FOSC_LP                          00003FF8
_FOSC_XT                          00003FF9
_HS_OSC                           00003FFA
_IDLOC0                           00002000
_IDLOC1                           00002001
_IDLOC2                           00002002
_IDLOC3                           00002003
_IESO_OFF                         00003BFF
_IESO_ON                          00003FFF
_INTOSC                           00003FFD
_INTOSCIO                         00003FFC
_INTRC_OSC_CLKOUT                 00003FFD
_INTRC_OSC_NOCLKOUT               00003FFC
_LP_OSC                           00003FF8
_LVP_OFF                          00002FFF
_LVP_ON                           00003FFF
_MCLRE_OFF                        00003FDF
_MCLRE_ON                         00003FFF
_PWRTE_OFF                        00003FFF
_PWRTE_ON                         00003FEF
_WDTE_OFF                         00003FF7
_WDTE_ON                          00003FFF
_WDT_OFF                          00003FF7
_WDT_ON                           00003FFF
_WRT_1FOURTH                      00003BFF
_WRT_256                          00003DFF
_WRT_HALF                         000039FF
_WRT_OFF                          00003FFF
_XT_OSC                           00003FF9
__16F887                          00000001
skipPre                           btfsc PORTB,RB0
skipRel                           btfss PORTB,RB0

Errors   :     0
Warnings :     1 reported,     0 suppressed
Messages :    10 reported,     0 suppressed

