MPASM 5.75                       PROGRAM.ASM   11-14-2017  21:00:51         PAGE  1


LOC  OBJECT CODE     LINE SOURCE TEXT
  VALUE

                      00001 ; SOME INFORMATION AND INITIALISATION HERE   ;{
                      00002 
                      00003 ; operating BUILD CONFIGURATIONS drop down menu in the DEBUG toolbar
                      00004 ; SIMULATIONS with MPLAB SIM: select "Debug" this will switch off delays that take thousands of instruct
                            ions
                      00005 ; HARDWARE: select "Release" all delays will be on
                      00006 
                      00007 ; Provided code - do not edit  
                      00008 #include        ECH_1.inc
                      00001 
                      00002 ; ECH_1.inc - to be put before your SUBROUTINES         
                      00003 
                      00004 
                      00005 ; DEFINITIONS related to the PIC and board used
                      00006 ; DO NOT EDIT ! ! !
                      00007 
                      00008 
                      00009 ; this #include enables use of register and bit names from the datasheet
                      00010 ; consists of 
                      00011 ; SymbolicName EQU NumericalValue   ; equates symbolic names to appropriate bit patterns
                      00012 #include <p16F887.inc>
                      00001         LIST
                      00002 
                      00003 ;==========================================================================
                      00004 ; Build date : Jul 02 2017
                      00005 ;  MPASM PIC16F887 processor include
                      00006 ; 
                      00007 ;  (c) Copyright 1999-2017 Microchip Technology, All rights reserved
                      00008 ;==========================================================================
                      00009 
                      00810         LIST
                      00013 ; ! the name of the file should match the PIC microcontroller part name
                      00014 
                      00015 
                      00016 ; setting the CONFIG1 configuration bits - required, explained at the end of the lecture course
2007   00A4           00017         __CONFIG        _CONFIG1, _INTOSCIO & _WDT_OFF & _PWRTE_ON & _MCLRE_ON & _CP_ON & _CPD_OFF & _BO
                            R_OFF & _IESO_OFF & _FCMEN_OFF & _LVP_OFF & _DEBUG_ON
                      00018 ;       configuration bits from the original Microchip code
                      00019 ;       __CONFIG    _CONFIG1, _LVP_OFF & _FCMEN_OFF & _IESO_OFF & _BOR_OFF & _CPD_OFF & _CP_OFF & _MCLRE
                            _OFF & _PWRTE_ON & _WDT_OFF & _INTRC_OSC_NOCLKOUT
                      00020 ;
                      00021 ; _INTOSCIO - use internal 4 MHz oscillator, RA6 and RA7 pins are used for I/O
                      00022 ; _WDT_OFF - the watchdog timer is DISABLED and can be enabled by SWDTEN bit of the WDTCON register
                      00023 ; _PWRTE_ON - power up timer - ENABLED
                      00024 ; _MCLRE_ON - master clear pin function - ENABLED
                      00025 ; _CP_OFF - program memory protection - DISABLED
                      00026 ; _CPD_OFF - EEPROM protection - DISABLED
                      00027 ; _BOR_OFF - brown out reset - DISABLED
                      00028 ; _IESO_OFF - internal external oscillator switchover - DISABLED
                      00029 ; _FCMEN_OFF - fail safe clock monitor - DISABLED
                      00030 ; _LVP_OFF - low voltage programming - DISABLED
                      00031 ; _DEBUG_ON - in circuit debugger - ENABLED, pins RB6 and RB7 are used by it
                      00032 ; (these and all the other available options are specified in the p16F887.inc file
MPASM 5.75                       PROGRAM.ASM   11-14-2017  21:00:51         PAGE  2


LOC  OBJECT CODE     LINE SOURCE TEXT
  VALUE

                      00033 ; ! the best practice is to ALWAYS specify all the bits in the code
                      00034 
                      00035 ; setting the CONFIG2 configuration bits - required, explained at the end of the lecture course
2008   3EFF           00036         __CONFIG        _CONFIG2, _WRT_OFF & _BOR21V
                      00037 ;       as in the Microchip original code
                      00038 ;
                      00039 ; _WRT_OFF - program memory self write function - OFF
                      00040 ; _BOR21V - brown out reset voltage set to 2.1 V (this feature is disabled anyway in CONFIG1 above)
                      00041 
                      00042 
                      00043 #include                ECH_EQU.inc     ; for EQU statements related to the 44 pin demo board wiring of 
                            PORTD and RB0
                      00001 ;       symbolic name for the port connected to LEDs (PORTD)
  00000008            00002 LEDs    EQU             PORTD
                      00003 ;       symbolic names for individual LEDs for BSF and BCF
  00000000            00004 LD0             EQU             0
  00000001            00005 LD1             EQU             1
  00000002            00006 LD2             EQU             2
  00000003            00007 LD3             EQU             3
  00000004            00008 LD4             EQU             4
  00000005            00009 LD5             EQU             5
  00000006            00010 LD6             EQU             6
  00000007            00011 LD7             EQU             7
                      00012 ;
                      00013 ; e.g.  BSF             LEDs, LD3       ; to switch LD3 on
                      00014 ;               BCF             LEDs, LD5       ; to switch LD5 off
                      00015 
                      00016 ; use the following macros to test the switch
                      00017 #define skipRel         btfss PORTB,RB0 ; skip the next instruction if button is released
                      00018 #define skipPre         btfsc PORTB,RB0 ; skip the next instruction if the button is pressed
                      00044 
                      00045 
                      00046 ; ALLOCATION of user RAM, starts where SFRs end at 0x20
                      00047 gr1             udata           ; GPRs for bank 1                                                       
                      00048                 include         VAR.inc         ; YOUR VARIABLES from this file
                      00001 ; list names of your variables one in a row below
                      00002 ; each of them will be allocated a GPR
                      00003 ; and can be referenced by name in your code
                      00004 ; (the assembler will place actual address automatically)
                      00005 ; examples:
                      00006 
0000                  00007 Temp    Res     1       ; this variable is used to keep the Select4 value between calls
                      00008 
                      00009 
                      00010 
                      00049                 include         ECH_VAR.inc     ; variables required for subroutines
                      00001 ; ECH_VAR.INC - declaration of variables used in the AK subroutines
                      00002 
0001                  00003 D_Ctr1  RES     1       ; could be more than 1 byte, e.g., for int or float
0002                  00004 D_Ctr2  RES 1   ; 1 byte (one GPR) is reserved here and below
0003                  00005 D_Ctr3  RES     1
0004                  00006 R_Old   RES     1
0005                  00007 S_Tmp           RES     1       ; scratch pad registers
MPASM 5.75                       PROGRAM.ASM   11-14-2017  21:00:51         PAGE  3


LOC  OBJECT CODE     LINE SOURCE TEXT
  VALUE

0006                  00008 S_Tmp1  RES     1
                      00009 ; the above variables could be named like Tmp1 Tmp2 etc, and used in
                      00010 ; the rest of the program if necessary to save RAM (not in the ISR though)
                      00050 gr2             udata           ; GPRs for bank 2 - none used
                      00051 ; GPRs for banks 3 and 4 can be defined as above
                      00052 gr3             udata_shr       ; these variables will be put to the RAM shared among all the banks (las
                            t 16 GPRs)      
0000                  00053 W_TMP   RES             1
0001                  00054 ST_TMP  RES             1
                      00055 
                      00056 
                      00057 ; CODE sections at different addresses
                      00058                 ; entry on reset - address 0x0 is fixed by PIC architecture
                      00059 V_RES   CODE    0x0
0000   0000           00060                 NOP
0001   2???           00061                 goto    Main
                      00062                 ; entry on interrupt - address 0x4 fixed by PIC architecture
                      00063 V_INT   CODE    0x4
0004   2???           00064                 goto    ISR
                      00065                 CODE    ; conventional placement of subroutines - before the INITIALISATION
                      00066 
                      00067 
                      00068 ; subroutines prepared for the coursework
                      00069                 include ECH_SUB.INC
                      00001 ; DO NOT EDIT ! ! !
                      00002 
                      00003 ; ECH_SUB.INC - subroutines supplied for
                      00004 ; delay for 1 ms  (Del_ms)
                      00005 ; delay for 1 ms  times W (DelWms)
                      00006 ; delay for 0.1 s times W (DelWds)
                      00007 
                      00008 
                      00009 #ifdef __DEBUG  ; to facilitate in-circuit debugging -
                      00010                                 ; all delay subroutines return immediately as below
                      00011 
                      00012 Del_ms  return
                      00013 DelWms  return
                      00014 DelWds  return
                      00015 
                      00016 #else                   ; this is the code to provide the delays
                      00017 
                      00018 ; precise delay for 1 ms
                      00019 ; uses  D_Ctr1
                      00020 ; calls nothing 
0000   30F8           00021 Del_ms  movlw   D'248'  ; value tuned at the debug stage
0001   00??           00022                 movwf   D_Ctr1
0002   0000           00023 D_L1    nop
0003   0B??           00024                 decfsz  D_Ctr1, F
0004   2???           00025                 goto    D_L1
0005   0000           00026                 nop
0006   0000           00027                 nop
0007   0000           00028                 nop
0008   0008           00029                 return
MPASM 5.75                       PROGRAM.ASM   11-14-2017  21:00:51         PAGE  4


LOC  OBJECT CODE     LINE SOURCE TEXT
  VALUE

                      00030 ; precise delay for 100 us
                      00031 ; uses  D_Ctr1
                      00032 ; calls nothing         
0009                  00033 Del_100us
0009   301F           00034                 movlw   D'31'
000A   00??           00035                 movwf   D_Ctr1
Message[305]: Using default destination of 1 (file).
000B   0B??           00036 D_L4    decfsz  D_Ctr1
000C   2???           00037                 goto    D_L4
000D   0000           00038                 nop
000E   0000           00039                 nop
000F   0008           00040                 return
                      00041 ; not precise but approximate delay for W times 1 ms
                      00042 ; uses  D_Ctr2
                      00043 ; calls Del_ms 
0010   00??           00044 DelWms  movwf   D_Ctr2
0011   2???           00045 D_L2    call    Del_ms
0012   0B??           00046                 decfsz  D_Ctr2, F
0013   2???           00047                 goto    D_L2
0014   0008           00048                 return
                      00049 ; not precise but approximate delay for W times 1 ds (0.1 s)
                      00050 ; uses  D_Ctr3
                      00051 ; calls DelWms 
0015   00??           00052 DelWds  movwf   D_Ctr3
0016   3064           00053 D_L3    movlw   D'100'
0017   2???           00054                 call    DelWms
0018   0B??           00055                 decfsz  D_Ctr3, F
0019   2???           00056                 goto    D_L3
001A   0008           00057                 return
                      00058 
                      00059 #endif
                      00060 
                      00061 
                      00062 ; reading the ADC with the delay for conversion
001B   149F           00063 ReadADC bsf             ADCON0, GO_DONE         ; strat the conversion
001C   1C9F           00064 RADC1   btfss   ADCON0, GO_DONE         ; test the DONE bit
001D   2???           00065                 goto    RADC1                           ; if not set, test again
001E   081E           00066                 movfw   ADRESH                          ; data ready => copy to W
001F   0008           00067                 return
                      00068 
                      00069 ; de-bouncing switches using a delay for 20 ms
                      00070 ; uses  R_Old
                      00071 ; calls DelWms 
0020                  00072 DeBounce
0020   0806           00073                 movfw   PORTB                   ; copy SwPort to W
0021   3901           00074                 andlw   B'00000001'             ; mask unused bits (one bit is in use only)
0022   00??           00075                 movwf   R_Old                   ; save data to a work register
0023   3014           00076                 movlw   D'20'
0024   2???           00077                 call    DelWms                  ; wait for 20 ms and read again
0025   0806           00078                 movfw   PORTB
0026   3901           00079                 andlw   B'00000001'             
0027   06??           00080                 xorwf   R_Old,W                 ; compare with the old value
0028   1D03           00081                 btfss   STATUS,Z
MPASM 5.75                       PROGRAM.ASM   11-14-2017  21:00:51         PAGE  5


LOC  OBJECT CODE     LINE SOURCE TEXT
  VALUE

0029   2???           00082                 goto    DeBounce                ; if the value changed - do again
002A   08??           00083                 movfw   R_Old                   ; reading is stable => return it
002B   0008           00084                 return
                      00085 
                      00086 
                      00087 ; selecting one option out of four
                      00088 ; rotate the potentiometer to have the right LED on 
                      00089 ; then press the button to confirm
                      00090 ; LD4 is used to show that potentiometer input is on
002C                  00091 Select4
002C   0808           00092                 movfw   LEDs
002D   00??           00093                 movwf   S_Tmp1          ; LEDs -> Tmp1 to restore later
                      00094 
002E   0188           00095 Sel4Rd  clrf    LEDs
002F   08??           00096                 movfw   S_Tmp1
0030   39C0           00097                 andlw   B'11000000'
0031   0088           00098                 movwf   LEDs            ; restore 3 MSB of LEDs
0032   1608           00099                 bsf             LEDs,LD4        ; indicator on
                      00100 
                      00101 ;               get the two MSBs of the ADC value
0033   2???           00102                 call    ReadADC
0034   39C0           00103                 andlw   B'11000000'     ; mask unused bits
0035   00??           00104                 movwf   S_Tmp                   ; copy MSBs only
                      00105 
                      00106 ;               analyse two MSBs of the ADC value
0036   1B80           00107                 btfsc   S_Tmp, D'7'     ; test bit 7
0037   2???           00108                 goto    SelMSB1
0038   1B00           00109                 btfsc   S_Tmp, D'6'     ; test bit 6
0039   2???           00110                 goto    Sel1
                      00111 
003A   1408           00112 Sel0    bsf             LEDs, LD0       ; bits were 00
003B   3001           00113                 movlw   B'00000001'     ; choice 0 selected
003C   2???           00114                 goto    SelBut
                      00115                         
003D   1488           00116 Sel1    bsf             LEDs, LD1       ; bits were 01
003E   3002           00117                 movlw   B'00000010'     ; choice 1 selected
003F   2???           00118                 goto    SelBut
                      00119 
0040                  00120 SelMSB1                                         ; bit 7 was 1, test bit 6
0040   1B00           00121                 btfsc   S_Tmp, D'6'
0041   2???           00122                 goto    Sel3
                      00123 
0042   1508           00124 Sel2    bsf             LEDs, LD2       ; bits were 10
0043   3004           00125                 movlw   B'00000100'     ; choice 2 selected
0044   2???           00126                 goto    SelBut
                      00127 
0045   1588           00128 Sel3    bsf             LEDs, LD3       ; bits were 11
0046   3008           00129                 movlw   B'00001000'     ; choice 1 selected
                      00130 
0047   00??           00131 SelBut  movwf   S_Tmp                   ; W is used in DeBounce
0048   2???           00132                 call    DeBounce
0049   1806           00133                 skipPre
004A   2???           00134                 goto    Sel4Rd          ; no confirmation - start again
MPASM 5.75                       PROGRAM.ASM   11-14-2017  21:00:51         PAGE  6


LOC  OBJECT CODE     LINE SOURCE TEXT
  VALUE

                      00135 
004B   0188           00136                 clrf    LEDs            ; blink the selection
004C   3003           00137                 movlw   3
004D   2???           00138                 call    DelWds
004E   08??           00139                 movfw   S_Tmp
004F   0088           00140                 movwf   LEDs
0050   3004           00141                 movlw   4
0051   2???           00142                 call    DelWds
0052   0188           00143                 clrf    LEDs
0053   3003           00144                 movlw   3
0054   2???           00145                 call    DelWds
                      00146 
0055   08??           00147                 movfw   S_Tmp1
0056   0088           00148                 movwf   LEDs            ; Tmp1 -> LEDs restore before return
                      00149 
0057   08??           00150                 movfw   S_Tmp                   ; return Sel4 in W
                      00151 
0058   0008           00152                 return
                      00153 
                      00154 ; selecting 2 bit binary value
                      00155 ; rotate the potentiometer to have the right LED on 
                      00156 ; then press the button to confirm
                      00157 ; LD4 is used to show that potentiometer input is on
0059                  00158 SelectB
0059   0808           00159                 movfw   LEDs
005A   00??           00160                 movwf   S_Tmp1          ; LEDs -> Tmp1 to restore later
                      00161 
005B   0188           00162 SelBRd  clrf    LEDs
005C   08??           00163                 movfw   S_Tmp1
005D   39C0           00164                 andlw   B'11000000'
005E   0088           00165                 movwf   LEDs            ; restore 3 MSB of LEDs
005F   1608           00166                 bsf             LEDs,LD4        ; indicator on
                      00167 
                      00168 ;               get the two MSBs of the ADC value
0060   2???           00169 SelL2   call    ReadADC
0061   39C0           00170                 andlw   B'11000000'     ; mask unused bits
0062   00??           00171                 movwf   S_Tmp                   ; copy MSBs only
                      00172 
                      00173 ;               rotate MSBs to LSBs
0063   1003           00174                 bcf             STATUS, C       ; clear carry flag as it is used for rotation
0064   0C??           00175                 rrf             S_Tmp, F
0065   0C??           00176                 rrf             S_Tmp, F
0066   0C??           00177                 rrf             S_Tmp, F
0067   0C??           00178                 rrf             S_Tmp, F
0068   0C??           00179                 rrf             S_Tmp, F
0069   0C??           00180                 rrf             S_Tmp, F
                      00181 
006A   0808           00182                 movfw   LEDs
006B   39FC           00183                 andlw   B'11111100'
006C   04??           00184                 iorwf   S_Tmp,W
006D   0088           00185                 movwf   LEDs
                      00186 
006E   2???           00187                 call    DeBounce
MPASM 5.75                       PROGRAM.ASM   11-14-2017  21:00:51         PAGE  7


LOC  OBJECT CODE     LINE SOURCE TEXT
  VALUE

006F   1806           00188                 skipPre
0070   2???           00189                 goto    SelBRd          ; loop here until the button is pressed 
                      00190 
0071   0188           00191                 clrf    LEDs            ; blink the result
0072   3003           00192                 movlw   3
0073   2???           00193                 call    DelWds
0074   08??           00194                 movfw   S_Tmp
0075   0088           00195                 movwf   LEDs
0076   3004           00196                 movlw   4
0077   2???           00197                 call    DelWds
0078   0188           00198                 clrf    LEDs
0079   3003           00199                 movlw   3
007A   2???           00200                 call    DelWds
                      00201 
007B   08??           00202                 movfw   S_Tmp1
007C   0088           00203                 movwf   LEDs            ; Tmp1 -> LEDs restore before return
                      00204 
007D   08??           00205                 movfw   S_Tmp                   ; return Sel4 in W
                      00206 
007E   0008           00207                 return
                      00208                 
                      00070 
                      00009 
                      00010 ;}
                      00011 
                      00012 ; Place your SUBROUTINE(S) (if any) here ...  ;{ 
007F   0009           00013 ISR     retfie  ; replace retfie with your ISR if necessary
0080                  00014 TEST
0080   1800           00015     btfsc   Temp,0
0081   3401           00016     retlw   D'1'
0082   1880           00017     btfsc   Temp,1
0083   3405           00018     retlw   D'5'
0084   1900           00019     btfsc   Temp,2
0085   3409           00020     retlw   D'9'
0086   1980           00021     btfsc   Temp,3
0087   340C           00022     retlw   D'12'
                      00023 ;} end of your subroutines
                      00024 
                      00025 ; Provided code - do not edit  
0088   0000           00026 Main    nop
                      00027 #include ECH_INIT.inc
                      00001 ; DO NOT EDIT ! ! !
                      00002 
                      00003 ; initialisation of the pins according to board wiring   
                      00004 ;{
                      00005 ; set all outputs to zero before configuring the pinsLEDs to off before configuring the pins
0089   0185           00006                 clrf    PORTA
008A   0186           00007                 clrf    PORTB
008B   0187           00008                 clrf    PORTC
008C   0188           00009                 clrf    PORTD
008D   0189           00010                 clrf    PORTE
                      00011 
008E   1683 1703      00012                 banksel ANSELH                  ; switch to bank 4
MPASM 5.75                       PROGRAM.ASM   11-14-2017  21:00:51         PAGE  8


LOC  OBJECT CODE     LINE SOURCE TEXT
  VALUE

                      00013 
                      00014 ; disable analogue inputs except for RA0
Message[302]: Register in operand not in bank 0.  Ensure that bank bits are correct.
0090   0189           00015                 clrf    ANSELH
0091   3001           00016                 movlw   B'00000001'
Message[302]: Register in operand not in bank 0.  Ensure that bank bits are correct.
0092   0088           00017                 movwf   ANSEL
                      00018 
0093   1683 1303      00019                 banksel TRISA                   ; switch to bank 1
                      00020 
                      00021 ; init unused pins for PORTA (outputs)
0095   3001           00022                 movlw   B'00000001'     ; this constant was in W already, shown here for clarity
Message[302]: Register in operand not in bank 0.  Ensure that bank bits are correct.
0096   0085           00023                 movwf   TRISA
                      00024 
                      00025 ; init PORTB (RB0 for input, unused pins for output)
0097   3001           00026                 movlw   B'00000001'     ; this constant was in W already, shown here for clarity
Message[302]: Register in operand not in bank 0.  Ensure that bank bits are correct.
0098   0086           00027                 movwf   TRISB
                      00028 
                      00029 ; init PORTC (all pins unused - for output)
0099   3000           00030                 movlw   B'00000000'     ; this constant was in W already, shown here for clarity
Message[302]: Register in operand not in bank 0.  Ensure that bank bits are correct.
009A   0087           00031                 movwf   TRISC
                      00032 
                      00033 ; init LEDs (PORTD to outputs)
Message[302]: Register in operand not in bank 0.  Ensure that bank bits are correct.
009B   0188           00034                 clrf    TRISD
                      00035 
                      00036 ; init PORTE (four pins present, RE3 is MCLR anyway; all outputs for simplicity)
009C   30F8           00037                 movlw   B'11111000'     
Message[302]: Register in operand not in bank 0.  Ensure that bank bits are correct.
009D   0089           00038                 movwf   TRISE
                      00039 
                      00040 ; init the TMR0 keeping the two MSBs of OPTION_REG the same
Message[302]: Register in operand not in bank 0.  Ensure that bank bits are correct.
009E   0801           00041                 movfw   OPTION_REG
009F   3908           00042                 andlw   B'00001000'             ; prescaler to WDT to have Tcy clock for TMR0
Message[302]: Register in operand not in bank 0.  Ensure that bank bits are correct.
00A0   0081           00043         movwf   OPTION_REG       
                      00044 
                      00045 ; init the ADC - need bank 0 and 1
Message[302]: Register in operand not in bank 0.  Ensure that bank bits are correct.
00A1   019F           00046                 clrf    ADCON1          ; Left justified, refernces: Vss and Vdd
00A2   1283 1303      00047                 banksel PORTD           ; switch back to bank 0
00A4   3041           00048                 movlw   B'01000001'     ; Fosc/8, AN0, enable 
00A5   009F           00049                 movwf   ADCON0
                      00050 ;}
                      00051 
                      00052 ;       
                      00053 ; blink LEDs for 0.3 s for testing   
                      00054 ;{
00A6   30FF           00055                 movlw   B'11111111'     ; all LEDs ON
MPASM 5.75                       PROGRAM.ASM   11-14-2017  21:00:51         PAGE  9


LOC  OBJECT CODE     LINE SOURCE TEXT
  VALUE

00A7   0088           00056                 movwf   LEDs
00A8   3003           00057                 movlw   D'3'            ; delay
00A9   2???           00058                 call    DelWds
00AA   0188           00059                 clrf    LEDs            ; all LEDs OFF
00AB   3003           00060                 movlw   D'3'            ; delay
00AC   2???           00061                 call    DelWds
                      00062 ;}
                      00063 ;
                      00064         
00AD   3001           00028                 movlw   B'00000001'     ; initial choice for Select4 value - bit 0 is set
00AE   00??           00029                 movwf   Temp
                      00030                 
                      00031 ; Place your INITIALISATION code (if any) here ...   
                      00032 ;{ ***          ***************************************************
                      00033 ; e.g.,         movwf   Ctr1 ; etc
Warning[207]: Found label after column 1. (X)
00AF   3FFF           00034                 X               RES     1
Warning[207]: Found label after column 1. (LoopCounter)
00B0   3FFF           00035                 LoopCounter     RES     1
                      00036 ;} 
                      00037 ; end of your initialisation
                      00038 
00B1   0000           00039 MLoop   nop
                      00040 ; place your superloop code here ...   ;{
                      00041         
00B2   08??           00042         movfw   Temp
00B3   1806           00043         skipPre
00B4   2???           00044         call    Select4
00B5   00??           00045         movwf   Temp
                      00046 ;       Select4 data are stored in the variable Temp
                      00047 ;       Check which bit was set in this variable and set X              
                      00048 ;       (btfsc  Temp,0          ; checking bit 0, skip next instruction if Clear)
                      00049 ;       after this line
00B6   2???           00050         call     TEST 
                      00051 ;       after this line will come the loop as specified in the coursework description
00B7   00??           00052         movwf   X
00B8   1008           00053         bcf     LEDs,LD0
00B9   301C           00054         movlw   D'28'
00BA   00??           00055         movwf   LoopCounter
Message[305]: Using default destination of 1 (file).
00BB   03??           00056 Loop    decf    LoopCounter
00BC   08??           00057         movf    LoopCounter,W
00BD   06??           00058         xorwf   X,W
00BE   1903           00059         btfsc   STATUS,2
00BF   1408           00060         bsf     LEDs,LD0
00C0   1488           00061         bsf     LEDs,LD1
00C1   2???           00062         call    Del_100us
00C2   08??           00063         movf    LoopCounter,W
00C3   3A00           00064         xorlw   D'0'
00C4   1D03           00065         btfss   STATUS,2
00C5   2???           00066         goto    Loop
                      00067 ;}      
                      00068 ; end of your superloop code
MPASM 5.75                       PROGRAM.ASM   11-14-2017  21:00:51         PAGE 10


LOC  OBJECT CODE     LINE SOURCE TEXT
  VALUE

Warning[203]: Found opcode in column 1. (goto)
00C6   2???           00069 goto    MLoop
                      00070 
Warning[205]: Found directive in column 1. (end)
00A4 3EFF             00071 end
MPASM 5.75                       PROGRAM.ASM   11-14-2017  21:00:51         PAGE 11


SYMBOL TABLE
  LABEL                             VALUE 

ABDEN                             00000000
ABDOVF                            00000007
ACKDT                             00000005
ACKEN                             00000004
ACKSTAT                           00000006
ADCON0                            0000001F
ADCON1                            0000009F
ADCS0                             00000006
ADCS1                             00000007
ADDEN                             00000003
ADFM                              00000007
ADIE                              00000006
ADIF                              00000006
ADON                              00000000
ADRESH                            0000001E
ADRESL                            0000009E
ANS0                              00000000
ANS1                              00000001
ANS10                             00000002
ANS11                             00000003
ANS12                             00000004
ANS13                             00000005
ANS2                              00000002
ANS3                              00000003
ANS4                              00000004
ANS5                              00000005
ANS6                              00000006
ANS7                              00000007
ANS8                              00000000
ANS9                              00000001
ANSEL                             00000188
ANSELH                            00000189
BAUDCTL                           00000187
BCLIE                             00000003
BCLIF                             00000003
BF                                00000000
BRG0                              00000000
BRG1                              00000001
BRG10                             00000002
BRG11                             00000003
BRG12                             00000004
BRG13                             00000005
BRG14                             00000006
BRG15                             00000007
BRG16                             00000003
BRG2                              00000002
BRG3                              00000003
BRG4                              00000004
BRG5                              00000005
BRG6                              00000006
BRG7                              00000007
BRG8                              00000000
BRG9                              00000001
MPASM 5.75                       PROGRAM.ASM   11-14-2017  21:00:51         PAGE 12


SYMBOL TABLE
  LABEL                             VALUE 

BRGH                              00000002
C                                 00000000
C1CH0                             00000000
C1CH1                             00000001
C1IE                              00000005
C1IF                              00000005
C1OE                              00000005
C1ON                              00000007
C1OUT                             00000006
C1POL                             00000004
C1R                               00000002
C1RSEL                            00000005
C1SEN                             00000005
C2CH0                             00000000
C2CH1                             00000001
C2IE                              00000006
C2IF                              00000006
C2OE                              00000005
C2ON                              00000007
C2OUT                             00000006
C2POL                             00000004
C2R                               00000002
C2REN                             00000004
C2RSEL                            00000004
C2SYNC                            00000000
CCP1CON                           00000017
CCP1IE                            00000002
CCP1IF                            00000002
CCP1M0                            00000000
CCP1M1                            00000001
CCP1M2                            00000002
CCP1M3                            00000003
CCP1X                             00000005
CCP1Y                             00000004
CCP2CON                           0000001D
CCP2IE                            00000000
CCP2IF                            00000000
CCP2M0                            00000000
CCP2M1                            00000001
CCP2M2                            00000002
CCP2M3                            00000003
CCP2X                             00000005
CCP2Y                             00000004
CCPR1                             00000015
CCPR1H                            00000016
CCPR1L                            00000015
CCPR2                             0000001B
CCPR2H                            0000001C
CCPR2L                            0000001B
CHS0                              00000002
CHS1                              00000003
CHS2                              00000004
CHS3                              00000005
MPASM 5.75                       PROGRAM.ASM   11-14-2017  21:00:51         PAGE 13


SYMBOL TABLE
  LABEL                             VALUE 

CKE                               00000006
CKP                               00000004
CM1CON0                           00000107
CM2CON0                           00000108
CM2CON1                           00000109
CREN                              00000004
CSRC                              00000007
D                                 00000005
DATA_ADDRESS                      00000005
DC                                00000001
DC1B0                             00000004
DC1B1                             00000005
DC2B0                             00000004
DC2B1                             00000005
D_A                               00000005
D_Ctr1                            00000001
D_Ctr2                            00000002
D_Ctr3                            00000003
D_L1                              00000002
D_L2                              00000011
D_L3                              00000016
D_L4                              0000000B
D_NOT_A                           00000005
DeBounce                          00000020
DelWds                            00000015
DelWms                            00000010
Del_100us                         00000009
Del_ms                            00000000
ECCPAS                            0000009C
ECCPAS0                           00000004
ECCPAS1                           00000005
ECCPAS2                           00000006
ECCPASE                           00000007
EEADR                             0000010D
EEADRH                            0000010F
EECON1                            0000018C
EECON2                            0000018D
EEDAT                             0000010C
EEDATA                            0000010C
EEDATH                            0000010E
EEIE                              00000004
EEIF                              00000004
EEPGD                             00000007
F                                 00000001
FERR                              00000002
FSR                               00000004
FVREN                             00000000
GCEN                              00000007
GIE                               00000007
GO                                00000001
GO_DONE                           00000001
GO_NOT_DONE                       00000001
HTS                               00000002
MPASM 5.75                       PROGRAM.ASM   11-14-2017  21:00:51         PAGE 14


SYMBOL TABLE
  LABEL                             VALUE 

I2C_DATA                          00000005
I2C_READ                          00000002
I2C_START                         00000003
I2C_STOP                          00000004
INDF                              00000000
INTCON                            0000000B
INTE                              00000004
INTEDG                            00000006
INTF                              00000001
IOCB                              00000096
IOCB0                             00000000
IOCB1                             00000001
IOCB2                             00000002
IOCB3                             00000003
IOCB4                             00000004
IOCB5                             00000005
IOCB6                             00000006
IOCB7                             00000007
IRCF0                             00000004
IRCF1                             00000005
IRCF2                             00000006
IRP                               00000007
ISR                               0000007F
LD0                               00000000
LD1                               00000001
LD2                               00000002
LD3                               00000003
LD4                               00000004
LD5                               00000005
LD6                               00000006
LD7                               00000007
LEDs                              00000008
LTS                               00000001
Loop                              000000BB
LoopCounter                       000000B0
MC1OUT                            00000007
MC2OUT                            00000006
MLoop                             000000B1
MSK                               00000093
MSK0                              00000000
MSK1                              00000001
MSK2                              00000002
MSK3                              00000003
MSK4                              00000004
MSK5                              00000005
MSK6                              00000006
MSK7                              00000007
Main                              00000088
NOT_A                             00000005
NOT_ADDRESS                       00000005
NOT_BO                            00000000
NOT_BOR                           00000000
NOT_DONE                          00000001
MPASM 5.75                       PROGRAM.ASM   11-14-2017  21:00:51         PAGE 15


SYMBOL TABLE
  LABEL                             VALUE 

NOT_PD                            00000003
NOT_POR                           00000001
NOT_RBPU                          00000007
NOT_RC8                           00000006
NOT_T1SYNC                        00000002
NOT_TO                            00000004
NOT_TX8                           00000006
NOT_W                             00000002
NOT_WRITE                         00000002
OERR                              00000001
OPTION_REG                        00000081
OSCCON                            0000008F
OSCTUNE                           00000090
OSFIE                             00000007
OSFIF                             00000007
OSTS                              00000003
P                                 00000004
P1M0                              00000006
P1M1                              00000007
PCL                               00000002
PCLATH                            0000000A
PCON                              0000008E
PDC0                              00000000
PDC1                              00000001
PDC2                              00000002
PDC3                              00000003
PDC4                              00000004
PDC5                              00000005
PDC6                              00000006
PEIE                              00000006
PEN                               00000002
PIE1                              0000008C
PIE2                              0000008D
PIR1                              0000000C
PIR2                              0000000D
PORTA                             00000005
PORTB                             00000006
PORTC                             00000007
PORTD                             00000008
PORTE                             00000009
PR2                               00000092
PRSEN                             00000007
PS0                               00000000
PS1                               00000001
PS2                               00000002
PSA                               00000003
PSSAC0                            00000002
PSSAC1                            00000003
PSSBD0                            00000000
PSSBD1                            00000001
PSTRCON                           0000009D
PULSR                             00000002
PULSS                             00000003
MPASM 5.75                       PROGRAM.ASM   11-14-2017  21:00:51         PAGE 16


SYMBOL TABLE
  LABEL                             VALUE 

PWM1CON                           0000009B
R                                 00000002
RA0                               00000000
RA1                               00000001
RA2                               00000002
RA3                               00000003
RA4                               00000004
RA5                               00000005
RA6                               00000006
RA7                               00000007
RADC1                             0000001C
RB0                               00000000
RB1                               00000001
RB2                               00000002
RB3                               00000003
RB4                               00000004
RB5                               00000005
RB6                               00000006
RB7                               00000007
RBIE                              00000003
RBIF                              00000000
RC0                               00000000
RC1                               00000001
RC2                               00000002
RC3                               00000003
RC4                               00000004
RC5                               00000005
RC6                               00000006
RC7                               00000007
RC8_9                             00000006
RC9                               00000006
RCD8                              00000000
RCEN                              00000003
RCIDL                             00000006
RCIE                              00000005
RCIF                              00000005
RCREG                             0000001A
RCSTA                             00000018
RD                                00000000
RD0                               00000000
RD1                               00000001
RD2                               00000002
RD3                               00000003
RD4                               00000004
RD5                               00000005
RD6                               00000006
RD7                               00000007
RE0                               00000000
RE1                               00000001
RE2                               00000002
RE3                               00000003
READ_WRITE                        00000002
RP0                               00000005
MPASM 5.75                       PROGRAM.ASM   11-14-2017  21:00:51         PAGE 17


SYMBOL TABLE
  LABEL                             VALUE 

RP1                               00000006
RSEN                              00000001
RX9                               00000006
RX9D                              00000000
R_NOT_W                           00000002
R_Old                             00000004
R_W                               00000002
ReadADC                           0000001B
S                                 00000003
SBOREN                            00000004
SCKP                              00000004
SCS                               00000000
SEN                               00000000
SENDB                             00000003
SMP                               00000007
SPBRG                             00000099
SPBRGH                            0000009A
SPEN                              00000007
SR0                               00000006
SR1                               00000007
SRCON                             00000185
SREN                              00000005
SSPADD                            00000093
SSPBUF                            00000013
SSPCON                            00000014
SSPCON2                           00000091
SSPEN                             00000005
SSPIE                             00000003
SSPIF                             00000003
SSPM0                             00000000
SSPM1                             00000001
SSPM2                             00000002
SSPM3                             00000003
SSPMSK                            00000093
SSPOV                             00000006
SSPSTAT                           00000094
STATUS                            00000003
STRA                              00000000
STRB                              00000001
STRC                              00000002
STRD                              00000003
STRSYNC                           00000004
ST_TMP                            00000001
SWDTEN                            00000000
SYNC                              00000004
S_Tmp                             00000005
S_Tmp1                            00000006
Sel0                              0000003A
Sel1                              0000003D
Sel2                              00000042
Sel3                              00000045
Sel4Rd                            0000002E
SelBRd                            0000005B
MPASM 5.75                       PROGRAM.ASM   11-14-2017  21:00:51         PAGE 18


SYMBOL TABLE
  LABEL                             VALUE 

SelBut                            00000047
SelL2                             00000060
SelMSB1                           00000040
Select4                           0000002C
SelectB                           00000059
T0CS                              00000005
T0IE                              00000005
T0IF                              00000002
T0SE                              00000004
T1CKPS0                           00000004
T1CKPS1                           00000005
T1CON                             00000010
T1GINV                            00000007
T1GIV                             00000007
T1GSS                             00000001
T1INSYNC                          00000002
T1OSCEN                           00000003
T1SYNC                            00000002
T2CKPS0                           00000000
T2CKPS1                           00000001
T2CON                             00000012
TEST                              00000080
TMR0                              00000001
TMR0IE                            00000005
TMR0IF                            00000002
TMR1                              0000000E
TMR1CS                            00000001
TMR1GE                            00000006
TMR1H                             0000000F
TMR1IE                            00000000
TMR1IF                            00000000
TMR1L                             0000000E
TMR1ON                            00000000
TMR2                              00000011
TMR2IE                            00000001
TMR2IF                            00000001
TMR2ON                            00000002
TOUTPS0                           00000003
TOUTPS1                           00000004
TOUTPS2                           00000005
TOUTPS3                           00000006
TRISA                             00000085
TRISA0                            00000000
TRISA1                            00000001
TRISA2                            00000002
TRISA3                            00000003
TRISA4                            00000004
TRISA5                            00000005
TRISA6                            00000006
TRISA7                            00000007
TRISB                             00000086
TRISB0                            00000000
TRISB1                            00000001
MPASM 5.75                       PROGRAM.ASM   11-14-2017  21:00:51         PAGE 19


SYMBOL TABLE
  LABEL                             VALUE 

TRISB2                            00000002
TRISB3                            00000003
TRISB4                            00000004
TRISB5                            00000005
TRISB6                            00000006
TRISB7                            00000007
TRISC                             00000087
TRISC0                            00000000
TRISC1                            00000001
TRISC2                            00000002
TRISC3                            00000003
TRISC4                            00000004
TRISC5                            00000005
TRISC6                            00000006
TRISC7                            00000007
TRISD                             00000088
TRISD0                            00000000
TRISD1                            00000001
TRISD2                            00000002
TRISD3                            00000003
TRISD4                            00000004
TRISD5                            00000005
TRISD6                            00000006
TRISD7                            00000007
TRISE                             00000089
TRISE0                            00000000
TRISE1                            00000001
TRISE2                            00000002
TRISE3                            00000003
TRMT                              00000001
TUN0                              00000000
TUN1                              00000001
TUN2                              00000002
TUN3                              00000003
TUN4                              00000004
TX8_9                             00000006
TX9                               00000006
TX9D                              00000000
TXD8                              00000000
TXEN                              00000005
TXIE                              00000004
TXIF                              00000004
TXREG                             00000019
TXSTA                             00000098
Temp                              00000000
UA                                00000001
ULPWUE                            00000005
ULPWUIE                           00000002
ULPWUIF                           00000002
VCFG0                             00000004
VCFG1                             00000005
VR0                               00000000
VR1                               00000001
MPASM 5.75                       PROGRAM.ASM   11-14-2017  21:00:51         PAGE 20


SYMBOL TABLE
  LABEL                             VALUE 

VR2                               00000002
VR3                               00000003
VRCON                             00000097
VREN                              00000007
VROE                              00000006
VRR                               00000005
VRSS                              00000004
W                                 00000000
WCOL                              00000007
WDTCON                            00000105
WDTPS0                            00000001
WDTPS1                            00000002
WDTPS2                            00000003
WDTPS3                            00000004
WPUB                              00000095
WPUB0                             00000000
WPUB1                             00000001
WPUB2                             00000002
WPUB3                             00000003
WPUB4                             00000004
WPUB5                             00000005
WPUB6                             00000006
WPUB7                             00000007
WR                                00000001
WREN                              00000002
WRERR                             00000003
WUE                               00000001
W_TMP                             00000000
X                                 000000AF
Z                                 00000002
_BOR21V                           00003EFF
_BOR40V                           00003FFF
_BOR4V_BOR21V                     00003EFF
_BOR4V_BOR40V                     00003FFF
_BOREN_NSLEEP                     00003EFF
_BOREN_OFF                        00003CFF
_BOREN_ON                         00003FFF
_BOREN_SBODEN                     00003DFF
_BOR_NSLEEP                       00003EFF
_BOR_OFF                          00003CFF
_BOR_ON                           00003FFF
_BOR_SBODEN                       00003DFF
_CONFIG1                          00002007
_CONFIG2                          00002008
_CPD_OFF                          00003FFF
_CPD_ON                           00003F7F
_CP_OFF                           00003FFF
_CP_ON                            00003FBF
_DEBUG_OFF                        00003FFF
_DEBUG_ON                         00001FFF
_DEVID1                           00002006
_EC_OSC                           00003FFB
_EXTRC                            00003FFF
MPASM 5.75                       PROGRAM.ASM   11-14-2017  21:00:51         PAGE 21


SYMBOL TABLE
  LABEL                             VALUE 

_EXTRCIO                          00003FFE
_EXTRC_OSC_CLKOUT                 00003FFF
_EXTRC_OSC_NOCLKOUT               00003FFE
_FCMEN_OFF                        000037FF
_FCMEN_ON                         00003FFF
_FOSC_EC                          00003FFB
_FOSC_EXTRC_CLKOUT                00003FFF
_FOSC_EXTRC_NOCLKOUT              00003FFE
_FOSC_HS                          00003FFA
_FOSC_INTRC_CLKOUT                00003FFD
_FOSC_INTRC_NOCLKOUT              00003FFC
_FOSC_LP                          00003FF8
_FOSC_XT                          00003FF9
_HS_OSC                           00003FFA
_IDLOC0                           00002000
_IDLOC1                           00002001
_IDLOC2                           00002002
_IDLOC3                           00002003
_IESO_OFF                         00003BFF
_IESO_ON                          00003FFF
_INTOSC                           00003FFD
_INTOSCIO                         00003FFC
_INTRC_OSC_CLKOUT                 00003FFD
_INTRC_OSC_NOCLKOUT               00003FFC
_LP_OSC                           00003FF8
_LVP_OFF                          00002FFF
_LVP_ON                           00003FFF
_MCLRE_OFF                        00003FDF
_MCLRE_ON                         00003FFF
_PWRTE_OFF                        00003FFF
_PWRTE_ON                         00003FEF
_WDTE_OFF                         00003FF7
_WDTE_ON                          00003FFF
_WDT_OFF                          00003FF7
_WDT_ON                           00003FFF
_WRT_1FOURTH                      00003BFF
_WRT_256                          00003DFF
_WRT_HALF                         000039FF
_WRT_OFF                          00003FFF
_XT_OSC                           00003FF9
__16F887                          00000001
skipPre                           btfsc PORTB,RB0
skipRel                           btfss PORTB,RB0

Errors   :     0
Warnings :     4 reported,     0 suppressed
Messages :    12 reported,     0 suppressed

