MPASM 5.75                       PROGRAM.ASM   12-6-2017  4:04:44         PAGE  1


LOC  OBJECT CODE     LINE SOURCE TEXT
  VALUE

                      00001 ; operating BUILD CONFIGURATIONS drop down menu in the DEBUG toolbar
                      00002 ; FOR SIMULATIONS with MPLAB SIM: select "Debug" this will switch off delays that take thousands of inst
                            ructions
                      00003 ; HARDWARE: select "Release" all delays will be on
                      00004 
                      00005 ; Provided code - do not edit  
                      00006 ; This include setups up various configuration bits for the microcontroller
                      00007 ; we are using, and importantly reserves space for variables.
                      00008 ; If you need to use more variables, please place them in VAR.INC, which you
                      00009 ; can find under the "Header Files" folder. The variables listed there will be
                      00010 ; placed in the first memory bank.
                      00011 ; This code has been provided for you to simplify your work, but you should be
                      00012 ; aware that you cannot ignore it.
                      00013 #include        ECH_1.inc
                      00001 
                      00002 ; ECH_1.inc - to be put before your SUBROUTINES         
                      00003 
                      00004 
                      00005 ; DEFINITIONS related to the PIC and board used
                      00006 ; DO NOT EDIT ! ! !
                      00007 
                      00008 
                      00009 ; this #include enables use of register and bit names from the datasheet
                      00010 ; consists of 
                      00011 ; SymbolicName EQU NumericalValue   ; equates symbolic names to appropriate bit patterns
                      00012 #include <p16F887.inc>
                      00001         LIST
                      00002 
                      00003 ;==========================================================================
                      00004 ; Build date : Jul 02 2017
                      00005 ;  MPASM PIC16F887 processor include
                      00006 ; 
                      00007 ;  (c) Copyright 1999-2017 Microchip Technology, All rights reserved
                      00008 ;==========================================================================
                      00009 
                      00810         LIST
                      00013 ; ! the name of the file should match the PIC microcontroller part name
                      00014 
                      00015 
                      00016 ; setting the CONFIG1 configuration bits - required, explained at the end of the lecture course
2007   00A4           00017         __CONFIG        _CONFIG1, _INTOSCIO & _WDT_OFF & _PWRTE_ON & _MCLRE_ON & _CP_ON & _CPD_OFF & _BO
                            R_OFF & _IESO_OFF & _FCMEN_OFF & _LVP_OFF & _DEBUG_ON
                      00018 ;       configuration bits from the original Microchip code
                      00019 ;       __CONFIG    _CONFIG1, _LVP_OFF & _FCMEN_OFF & _IESO_OFF & _BOR_OFF & _CPD_OFF & _CP_OFF & _MCLRE
                            _OFF & _PWRTE_ON & _WDT_OFF & _INTRC_OSC_NOCLKOUT
                      00020 ;
                      00021 ; _INTOSCIO - use internal 4 MHz oscillator, RA6 and RA7 pins are used for I/O
                      00022 ; _WDT_OFF - the watchdog timer is DISABLED and can be enabled by SWDTEN bit of the WDTCON register
                      00023 ; _PWRTE_ON - power up timer - ENABLED
                      00024 ; _MCLRE_ON - master clear pin function - ENABLED
                      00025 ; _CP_OFF - program memory protection - DISABLED
                      00026 ; _CPD_OFF - EEPROM protection - DISABLED
                      00027 ; _BOR_OFF - brown out reset - DISABLED
MPASM 5.75                       PROGRAM.ASM   12-6-2017  4:04:44         PAGE  2


LOC  OBJECT CODE     LINE SOURCE TEXT
  VALUE

                      00028 ; _IESO_OFF - internal external oscillator switchover - DISABLED
                      00029 ; _FCMEN_OFF - fail safe clock monitor - DISABLED
                      00030 ; _LVP_OFF - low voltage programming - DISABLED
                      00031 ; _DEBUG_ON - in circuit debugger - ENABLED, pins RB6 and RB7 are used by it
                      00032 ; (these and all the other available options are specified in the p16F887.inc file
                      00033 ; ! the best practice is to ALWAYS specify all the bits in the code
                      00034 
                      00035 ; setting the CONFIG2 configuration bits - required, explained at the end of the lecture course
2008   3EFF           00036         __CONFIG        _CONFIG2, _WRT_OFF & _BOR21V
                      00037 ;       as in the Microchip original code
                      00038 ;
                      00039 ; _WRT_OFF - program memory self write function - OFF
                      00040 ; _BOR21V - brown out reset voltage set to 2.1 V (this feature is disabled anyway in CONFIG1 above)
                      00041 
                      00042 
                      00043 #include                ECH_EQU.inc     ; for EQU statements related to the 44 pin demo board wiring of 
                            PORTD and RB0
                      00001 ;       symbolic name for the port connected to LEDs (PORTD)
  00000008            00002 LEDs    EQU             PORTD
                      00003 ;       symbolic names for individual LEDs for BSF and BCF
  00000000            00004 LD0             EQU             0
  00000001            00005 LD1             EQU             1
  00000002            00006 LD2             EQU             2
  00000003            00007 LD3             EQU             3
  00000004            00008 LD4             EQU             4
  00000005            00009 LD5             EQU             5
  00000006            00010 LD6             EQU             6
  00000007            00011 LD7             EQU             7
                      00012 ;
                      00013 ; e.g.  BSF             LEDs, LD3       ; to switch LD3 on
                      00014 ;               BCF             LEDs, LD5       ; to switch LD5 off
                      00015 
                      00016 ; use the following macros to test the switch
                      00017 #define skipRel         btfss PORTB,RB0 ; skip the next instruction if button is released
                      00018 #define skipPre         btfsc PORTB,RB0 ; skip the next instruction if the button is pressed
                      00044 
                      00045 
                      00046 ; ALLOCATION of user RAM, starts where SFRs end at 0x20
                      00047 gr1             udata           ; GPRs for bank 1                                                       
                      00048                 include         VAR.inc         ; YOUR VARIABLES from this file
                      00001 ; list names of your variables one in a row below
                      00002 ; each of them will be allocated a GPR
                      00003 ; and can be referenced by name in your code
                      00004 ; (the assembler will place actual address automatically)
                      00005 ; examples:
                      00006 ;Ctr1   RES     1       ; your vaiable, e.g., for counter 1
                      00007 ;Ctr2   RES     1
0000                  00008 Temp            Res     1       ; this is used by the examples
0001                  00009 A               Res     1
0002                  00010 Bop             Res     1
                      00011                 
                      00012                 
0003                  00013 W_Save          RES     1
MPASM 5.75                       PROGRAM.ASM   12-6-2017  4:04:44         PAGE  3


LOC  OBJECT CODE     LINE SOURCE TEXT
  VALUE

0004                  00014 STATUS_Save     RES     1
                      00015 
0005                  00016 Runing          RES     1
0006                  00017 Speed           RES     1
0007                  00018 Frist_Brightness    RES     1   
0008                  00019 Secon_Brightness    RES     1
                      00020     
  0000001C            00021 Brightness1     EQU     B'00011100'
  00000038            00022 Brightness2     EQU     B'00111000'
  00000070            00023 Brightness3     EQU     B'01110000'
  000000E0            00024 Brightness4     EQU     B'11100000'
                      00025         
0009                  00026 Speed1          RES     1
000A                  00027 Speed2          RES     1
000B                  00028 Speed3          RES     1
000C                  00029 Speed4          RES     1
                      00030                 
  00000001            00031 Direction1      EQU     B'00000001'
  00000000            00032 Direction2      EQU     B'00000000'
                      00033                 
  000000B8            00034 LFSR_N          EQU     B'10111000'
000D                  00035 LFSR_data       RES     1
000E                  00036 LEDs_Data       RES     1
000F                  00037 Direction       RES     1
0010                  00038 Mode            RES     1
0011                  00039 Options         RES     1
                      00049                 include         ECH_VAR.inc     ; variables required for subroutines
                      00001 ; ECH_VAR.INC - declaration of variables used in the AK subroutines
                      00002 
0012                  00003 D_Ctr1  RES     1       ; could be more than 1 byte, e.g., for int or float
0013                  00004 D_Ctr2  RES 1   ; 1 byte (one GPR) is reserved here and below
0014                  00005 D_Ctr3  RES     1
0015                  00006 R_Old   RES     1
0016                  00007 S_Tmp           RES     1       ; scratch pad registers
0017                  00008 S_Tmp1  RES     1
                      00009 ; the above variables could be named like Tmp1 Tmp2 etc, and used in
                      00010 ; the rest of the program if necessary to save RAM (not in the ISR though)
                      00050 gr2             udata           ; GPRs for bank 2 - none used
                      00051 ; GPRs for banks 3 and 4 can be defined as above
                      00052 gr3             udata_shr       ; these variables will be put to the RAM shared among all the banks (las
                            t 16 GPRs)      
0000                  00053 W_TMP   RES             1
0001                  00054 ST_TMP  RES             1
                      00055 
                      00056 
                      00057 ; CODE sections at different addresses
                      00058                 ; entry on reset - address 0x0 is fixed by PIC architecture
                      00059 V_RES   CODE    0x0
0000   0000           00060                 NOP
0001   2???           00061                 goto    Main
                      00062                 ; entry on interrupt - address 0x4 fixed by PIC architecture
                      00063 V_INT   CODE    0x4
0004   2???           00064                 goto    ISR
MPASM 5.75                       PROGRAM.ASM   12-6-2017  4:04:44         PAGE  4


LOC  OBJECT CODE     LINE SOURCE TEXT
  VALUE

                      00065                 CODE    ; conventional placement of subroutines - before the INITIALISATION
                      00066 
                      00067 
                      00068 ; subroutines prepared for the coursework
                      00069                 include ECH_SUB.INC
                      00001 ; DO NOT EDIT ! ! !
                      00002 
                      00003 ; ECH_SUB.INC - subroutines supplied for
                      00004 ; delay for 1 ms  (Del_ms)
                      00005 ; delay for 1 ms  times W (DelWms)
                      00006 ; delay for 0.1 s times W (DelWds)
                      00007 
                      00008 
                      00009 #ifdef __DEBUG  ; to facilitate in-circuit debugging -
                      00010                                 ; all delay subroutines return immediately as below
                      00011 
                      00012 Del_ms  return
                      00013 DelWms  return
                      00014 DelWds  return
                      00015 
                      00016 #else                   ; this is the code to provide the delays
                      00017 
                      00018 ; precise delay for 100 us
                      00019 ; uses  D_Ctr1
                      00020 ; calls nothing         
0000                  00021 Del_100us
0000   301F           00022                 movlw   D'31'
0001   00??           00023                 movwf   D_Ctr1
Message[305]: Using default destination of 1 (file).
0002   0B??           00024 D_L4    decfsz  D_Ctr1
0003   2???           00025                 goto    D_L4
0004   0000           00026                 nop
0005   0000           00027                 nop
0006   0008           00028                 return
                      00029 ; precise delay for 1 ms
                      00030 ; uses  D_Ctr1
                      00031 ; calls nothing 
0007   30F8           00032 Del_ms  movlw   D'248'  ; value tuned at the debug stage
0008   00??           00033                 movwf   D_Ctr1
0009   0000           00034 D_L1    nop
000A   0B??           00035                 decfsz  D_Ctr1, F
000B   2???           00036                 goto    D_L1
000C   0000           00037                 nop
000D   0000           00038                 nop
000E   0000           00039                 nop
000F   0008           00040                 return
                      00041 ; not precise but approximate delay for W times 1 ms
                      00042 ; uses  D_Ctr2
                      00043 ; calls Del_ms 
0010   00??           00044 DelWms  movwf   D_Ctr2
0011   2???           00045 D_L2    call    Del_ms
0012   0B??           00046                 decfsz  D_Ctr2, F
0013   2???           00047                 goto    D_L2
MPASM 5.75                       PROGRAM.ASM   12-6-2017  4:04:44         PAGE  5


LOC  OBJECT CODE     LINE SOURCE TEXT
  VALUE

0014   0008           00048                 return
                      00049 ; not precise but approximate delay for W times 1 ds (0.1 s)
                      00050 ; uses  D_Ctr3
                      00051 ; calls DelWms 
0015   00??           00052 DelWds  movwf   D_Ctr3
0016   3064           00053 D_L3    movlw   D'100'
0017   2???           00054                 call    DelWms
0018   0B??           00055                 decfsz  D_Ctr3, F
0019   2???           00056                 goto    D_L3
001A   0008           00057                 return
                      00058 
                      00059 #endif
                      00060 
                      00061 
                      00062 ; reading the ADC with the delay for conversion
001B                  00063 ReadADC 
001B   149F           00064         bsf     ADCON0, GO_DONE         ; strat the conversion
001C   1C9F           00065 RADC1   btfss   ADCON0, GO_DONE         ; test the DONE bit
001D   2???           00066                 goto    RADC1                           ; if not set, test again        
                      00067 ;
001E   081E           00068                 movfw   ADRESH          ; data ready => copy to W
001F   0008           00069                 return
                      00070 
                      00071 ; de-bouncing switches using a delay for 20 ms
                      00072 ; uses  R_Old
                      00073 ; calls DelWms 
0020                  00074 DeBounce
0020   0806           00075                 movfw   PORTB                   ; copy SwPort to W
0021   3901           00076                 andlw   B'00000001'             ; mask unused bits (one bit is in use only)
0022   00??           00077                 movwf   R_Old                   ; save data to a work register
0023   3014           00078                 movlw   D'20'
0024   2???           00079                 call    DelWms                  ; wait for 20 ms and read again
0025   0806           00080                 movfw   PORTB
0026   3901           00081                 andlw   B'00000001'             
0027   06??           00082                 xorwf   R_Old,W                 ; compare with the old value
0028   1D03           00083                 btfss   STATUS,Z
0029   2???           00084                 goto    DeBounce                ; if the value changed - do again
002A   08??           00085                 movfw   R_Old                   ; reading is stable => return it
002B   0008           00086                 return
                      00087 
                      00088 
                      00089 ; selecting one option out of four
                      00090 ; rotate the potentiometer to have the right LED on 
                      00091 ; then press the button to confirm
                      00092 ; LD4 is used to show that potentiometer input is on
002C                  00093 Select4         
                      00094 
002C   1283 1303      00095                 banksel LEDs
002E   0808           00096                 movfw   LEDs
002F   00??           00097                 movwf   S_Tmp1          ; LEDs -> Tmp1 to restore later
                      00098 
0030   0188           00099 Sel4Rd  clrf    LEDs
0031   08??           00100                 movfw   S_Tmp1
MPASM 5.75                       PROGRAM.ASM   12-6-2017  4:04:44         PAGE  6


LOC  OBJECT CODE     LINE SOURCE TEXT
  VALUE

0032   39C0           00101                 andlw   B'11000000'
0033   0088           00102                 movwf   LEDs            ; restore 3 MSB of LEDs
0034   1608           00103                 bsf     LEDs,LD4        ; indicator on
                      00104 
                      00105 ;               get the two MSBs of the ADC value
0035   2???           00106                 call    ReadADC
0036   39C0           00107                 andlw   B'11000000'     ; mask unused bits
0037   00??           00108                 movwf   S_Tmp                   ; copy MSBs only
                      00109 
                      00110 ;               analyse two MSBs of the ADC value
0038   1B80           00111                 btfsc   S_Tmp, D'7'     ; test bit 7
0039   2???           00112                 goto    SelMSB1
003A   1B00           00113                 btfsc   S_Tmp, D'6'     ; test bit 6
003B   2???           00114                 goto    Sel1
                      00115 
003C   1408           00116 Sel0    bsf             LEDs, LD0       ; bits were 00
003D   3000           00117                 movlw   B'00000000'     ; choice 0 selected
003E   2???           00118                 goto    SelBut
                      00119                         
003F   1488           00120 Sel1    bsf             LEDs, LD1       ; bits were 01
0040   3001           00121                 movlw   B'00000001'     ; choice 1 selected
0041   2???           00122                 goto    SelBut
                      00123 
0042                  00124 SelMSB1                                         ; bit 7 was 1, test bit 6
0042   1B00           00125                 btfsc   S_Tmp, D'6'
0043   2???           00126                 goto    Sel3
                      00127 
0044   1508           00128 Sel2    bsf             LEDs, LD2       ; bits were 10
0045   3002           00129                 movlw   B'00000010'     ; choice 2 selected
0046   2???           00130                 goto    SelBut
                      00131 
0047   1588           00132 Sel3    bsf             LEDs, LD3       ; bits were 11
0048   3003           00133                 movlw   B'00000011'     ; choice 1 selected
                      00134 
0049   00??           00135 SelBut  movwf   S_Tmp                   ; W is used in DeBounce
004A   2???           00136                 call    DeBounce
004B   1806           00137                 skipPre
004C   2???           00138                 goto    Sel4Rd          ; no confirmation - start again
004D   0188           00139                 clrf    LEDs            ; blink the selection
004E   3003           00140                 movlw   3
004F   2???           00141                 call    DelWds
0050   08??           00142                 movfw   S_Tmp
0051   0088           00143                 movwf   LEDs
0052   3004           00144                 movlw   4
0053   2???           00145                 call    DelWds
0054   0188           00146                 clrf    LEDs
0055   3003           00147                 movlw   3
0056   2???           00148                 call    DelWds
                      00149 
0057   08??           00150                 movfw   S_Tmp1
0058   0088           00151                 movwf   LEDs            ; Tmp1 -> LEDs restore before return
                      00152 
0059   08??           00153                 movfw   S_Tmp                   ; return Sel4 in W
MPASM 5.75                       PROGRAM.ASM   12-6-2017  4:04:44         PAGE  7


LOC  OBJECT CODE     LINE SOURCE TEXT
  VALUE

005A   0008           00154                 return
                      00155 
                      00156 ; selecting 2 bit binary value
                      00157 ; rotate the potentiometer to have the right LED on 
                      00158 ; then press the button to confirm
                      00159 ; LD4 is used to show that potentiometer input is on
005B                  00160 SelectB
005B   0808           00161                 movfw   LEDs
005C   00??           00162                 movwf   S_Tmp1          ; LEDs -> Tmp1 to restore later
                      00163 
005D   0188           00164 SelBRd  clrf    LEDs
005E   08??           00165                 movfw   S_Tmp1
005F   39C0           00166                 andlw   B'11000000'
0060   0088           00167                 movwf   LEDs            ; restore 3 MSB of LEDs
0061   1608           00168                 bsf             LEDs,LD4        ; indicator on
                      00169 
                      00170 ;               get the two MSBs of the ADC value
0062   2???           00171 SelL2   call    ReadADC
0063   39C0           00172                 andlw   B'11000000'     ; mask unused bits
0064   00??           00173                 movwf   S_Tmp                   ; copy MSBs only
                      00174 
                      00175 ;               rotate MSBs to LSBs
0065   1003           00176                 bcf             STATUS, C       ; clear carry flag as it is used for rotation
0066   0C??           00177                 rrf             S_Tmp, F
0067   0C??           00178                 rrf             S_Tmp, F
0068   0C??           00179                 rrf             S_Tmp, F
0069   0C??           00180                 rrf             S_Tmp, F
006A   0C??           00181                 rrf             S_Tmp, F
006B   0C??           00182                 rrf             S_Tmp, F
                      00183 
006C   0808           00184                 movfw   LEDs
006D   39FC           00185                 andlw   B'11111100'
006E   04??           00186                 iorwf   S_Tmp,W
006F   0088           00187                 movwf   LEDs
                      00188 
0070   2???           00189                 call    DeBounce
0071   1806           00190                 skipPre
0072   2???           00191                 goto    SelBRd          ; loop here until the button is pressed 
                      00192 
0073   0188           00193                 clrf    LEDs            ; blink the result
0074   3003           00194                 movlw   3
0075   2???           00195                 call    DelWds
0076   08??           00196                 movfw   S_Tmp
0077   0088           00197                 movwf   LEDs
0078   3004           00198                 movlw   4
0079   2???           00199                 call    DelWds
007A   0188           00200                 clrf    LEDs
007B   3003           00201                 movlw   3
007C   2???           00202                 call    DelWds
                      00203 
007D   08??           00204                 movfw   S_Tmp1
007E   0088           00205                 movwf   LEDs            ; Tmp1 -> LEDs restore before return
                      00206 
MPASM 5.75                       PROGRAM.ASM   12-6-2017  4:04:44         PAGE  8


LOC  OBJECT CODE     LINE SOURCE TEXT
  VALUE

007F   08??           00207                 movfw   S_Tmp                   ; return Sel4 in W
                      00208                 
0080   0008           00209                 return
                      00210                 
                      00070 
                      00014 
0081                  00015 ISR
0081   00??           00016         movwf   W_Save              ; Save context
0082   0E03           00017         swapf   STATUS,W
0083   00??           00018         movwf   STATUS_Save
                      00019 
0084   1283 1303      00020         banksel PIR2
0086   1F0D           00021         btfss   PIR2,C2IF
0087   1A8D           00022         btfsc   PIR2,C1IF
0088   2???           00023         goto    Test
0089   180D           00024         btfsc   PIR2,CCP2IF
008A   2???           00025         goto    TIM1
008B   2???           00026         goto    ExitISR
                      00027         
008C                  00028 Test
008C   130D           00029         bcf     PIR2,C2IF
008D   128D           00030         bcf     PIR2,C1IF
008E   1283 1703      00031         banksel CM2CON0
Message[302]: Register in operand not in bank 0.  Ensure that bank bits are correct.
0090   1B08           00032         btfsc   CM2CON0,C2OUT
0091   2???           00033         goto    Change3
Message[302]: Register in operand not in bank 0.  Ensure that bank bits are correct.
0092   1B07           00034         btfsc   CM1CON0,C1OUT
0093   2???           00035         goto    Change2
0094   2???           00036         goto    Change1
0095                  00037 TestBack
0095   009C           00038         movwf   CCPR2H
0096   2???           00039         goto    ExitISR
0097                  00040 Change1
0097   ???? ????      00041         banksel Speed1
0099   08??           00042         movfw   Speed1  
009A   2???           00043         goto    TestBack
009B                  00044 Change2
009B   ???? ????      00045         banksel Speed2
009D   08??           00046         movfw   Speed2
009E   2???           00047         goto    TestBack
009F                  00048 Change3
009F   ???? ????      00049         banksel Speed3
00A1   08??           00050         movfw   Speed3
00A2   2???           00051         goto    TestBack
00A3                  00052 TIM1
00A3   100D           00053         bcf     PIR2,CCP2IF
00A4   ???? ????      00054         banksel Runing
00A6   1400           00055         bsf     Runing,0
00A7   2???           00056         goto    ExitISR
                      00057         
00A8                  00058 ExitISR
00A8   08??           00059         movf    STATUS_Save,w       ; Restore context
MPASM 5.75                       PROGRAM.ASM   12-6-2017  4:04:44         PAGE  9


LOC  OBJECT CODE     LINE SOURCE TEXT
  VALUE

00A9   0083           00060         movwf   STATUS
00AA   0E??           00061         swapf   W_Save,f            ; swapf doesn't affect Status bits, but MOVF would
00AB   0E??           00062         swapf   W_Save,w
00AC   0009           00063         retfie  ; replace retfie with your ISR if necessary
                      00064 
                      00065 ; Place your SUBROUTINE(S) (if any) here ...
00AD                  00066 Config_Mode
00AD   1683 1303      00067         banksel PIE2
Message[302]: Register in operand not in bank 0.  Ensure that bank bits are correct.
00AF   100D           00068         bcf     PIE2,CCP2IE
Message[302]: Register in operand not in bank 0.  Ensure that bank bits are correct.
00B0   128D           00069         bcf     PIE2,C1IE
Message[302]: Register in operand not in bank 0.  Ensure that bank bits are correct.
00B1   130D           00070         bcf     PIE2,C2IE
                      00071         
00B2   1283 1303      00072         banksel T2CON
00B4   1912           00073         btfsc   T2CON,TMR2ON
00B5   1112           00074         bcf     T2CON,TMR2ON
                      00075 
00B6   1283 1303      00076         banksel CCP1CON
00B8   0197           00077         clrf    CCP1CON
                      00078         
00B9   1283 1303      00079         banksel LEDs
00BB   0188           00080         clrf    LEDs
                      00081         
00BC   ???? ????      00082         banksel Mode
00BE   1900           00083         btfsc   Mode,2
00BF   2???           00084         goto    Mode3
00C0   1880           00085         btfsc   Mode,1
00C1   2???           00086         goto    Mode2
00C2   1800           00087         btfsc   Mode,0
00C3   2???           00088         goto    Mode1
00C4   2???           00089         goto    Back_Display
                      00090         
00C5                  00091 Back_Display
00C5   1683 1303      00092         banksel PIE2    
Message[302]: Register in operand not in bank 0.  Ensure that bank bits are correct.
00C7   140D           00093         bsf     PIE2,CCP2IE
Message[302]: Register in operand not in bank 0.  Ensure that bank bits are correct.
00C8   168D           00094         bsf     PIE2,C1IE
Message[302]: Register in operand not in bank 0.  Ensure that bank bits are correct.
00C9   170D           00095         bsf     PIE2,C2IE
00CA   0008           00096         return
                      00097         
00CB                  00098 Mode1
00CB   1708           00099         bsf     LEDs,LD6
00CC   2???           00100         call    Select4
00CD   2???           00101         call    Option_Judge1
00CE   00??           00102         movwf   Speed1
00CF   009C           00103         movwf   CCPR2H
00D0   2???           00104         call    Select4
00D1   2???           00105         call    Option_Judge1
00D2   00??           00106         movwf   Frist_Brightness
MPASM 5.75                       PROGRAM.ASM   12-6-2017  4:04:44         PAGE 10


LOC  OBJECT CODE     LINE SOURCE TEXT
  VALUE

00D3   2???           00107         call    Select4
00D4   2???           00108         call    Option_Judge1
00D5   00??           00109         movwf   Secon_Brightness
00D6   2???           00110         goto    Back_Display
                      00111         
00D7                  00112 Mode2
00D7   1788           00113         bsf     LEDs,LD7
00D8   2???           00114         call    Select4
00D9   2???           00115         call    Option_Judge1
00DA   00??           00116         movwf   Speed2
00DB   009C           00117         movwf   CCPR2H
00DC   2???           00118         call    Select4
00DD   2???           00119         call    Option_Judge2
00DE   3A01           00120         xorlw   B'00000001'
00DF   1903           00121         btfsc   STATUS,Z
00E0   1400           00122         bsf     Direction,0
00E1   1D03           00123         btfss   STATUS,Z
00E2   1000           00124         bcf     Direction,0
00E3   2???           00125         goto    Back_Display
00E4                  00126 Mode3
00E4   1708           00127         bsf     LEDs,LD6
00E5   1788           00128         bsf     LEDs,LD7
00E6   2???           00129         call    Select4
00E7   2???           00130         call    Option_Judge1
00E8   00??           00131         movwf   Speed3
00E9   009C           00132         movwf   CCPR2H
00EA   2???           00133         goto    Back_Display
                      00134 
00EB                  00135 Option_Judge1
00EB   0782           00136         addwf   PCL,f
00EC   341C           00137         retlw   Brightness1
00ED   3438           00138         retlw   Brightness2
00EE   3470           00139         retlw   Brightness3
00EF   34E0           00140         retlw   Brightness4
                      00141 
00F0                  00142 Option_Judge2
00F0   0782           00143         addwf   PCL,f
00F1   3400           00144         retlw  B'00000000'
00F2   3401           00145         retlw  B'00000001'
00F3   3401           00146         retlw  B'00000001'
00F4   3401           00147         retlw  B'00000001'
                      00148         
00F5                  00149 Setting2
00F5   1C80           00150         btfss   Direction,1
00F6   05??           00151         andwf   Direction,f
00F7   3A01           00152         xorlw   B'00000001'
00F8   1903           00153         btfsc   STATUS,Z
00F9   1000           00154         bcf     Direction,0
00FA   2???           00155         goto    Back_Display
                      00156         
00FB                  00157 Modle_Select
00FB   1283 1703      00158         banksel CM2CON0
Message[302]: Register in operand not in bank 0.  Ensure that bank bits are correct.
MPASM 5.75                       PROGRAM.ASM   12-6-2017  4:04:44         PAGE 11


LOC  OBJECT CODE     LINE SOURCE TEXT
  VALUE

00FD   1B08           00159         btfsc   CM2CON0,C2OUT
00FE   2???           00160         goto    LFSR_Shifted
Message[302]: Register in operand not in bank 0.  Ensure that bank bits are correct.
00FF   1B07           00161         btfsc   CM1CON0,C1OUT
0100   2???           00162         goto    Side_Side_Strobe
0101   2???           00163         goto    Variable_PWM
0102                  00164 Back    
0102   ???? ????      00165         banksel Runing
0104   1000           00166         bcf     Runing,0
0105   0008           00167         return
                      00168 
0106                  00169 Variable_PWM
0106   1283 1303      00170         banksel T2CON
0108   1D12           00171         btfss   T2CON,TMR2ON
0109   1512           00172         bsf     T2CON,TMR2ON
                      00173         
010A   1283 1303      00174         banksel CCP1CON
010C   304C           00175         movlw   B'01001100'
010D   0097           00176         movwf   CCP1CON
                      00177         
010E   1283 1303      00178         banksel LEDs
0110   0188           00179         clrf    LEDs
                      00180         
0111   ???? ????      00181         banksel Mode
0113   3001           00182         movlw   B'00000001'
0114   00??           00183         movwf   Mode
                      00184         
0115   ???? ????      00185         banksel Frist_Brightness
0117   08??           00186         movf    Frist_Brightness,W
0118   1683 1303      00187         banksel PR2
Message[302]: Register in operand not in bank 0.  Ensure that bank bits are correct.
011A   0612           00188         xorwf   PR2,W
011B   1D03           00189         btfss   STATUS,Z
011C   2???           00190         goto    Value_Change1
011D   2???           00191         goto    Value_Change2
                      00192 
011E                  00193 Value_Change1   
011E   ???? ????      00194         banksel Frist_Brightness
0120   08??           00195         movf    Frist_Brightness,w
0121   1683 1303      00196         banksel PR2
Message[302]: Register in operand not in bank 0.  Ensure that bank bits are correct.
0123   0092           00197         movwf   PR2
0124   2???           00198         goto    Clear_Flag
0125                  00199 Value_Change2
0125   ???? ????      00200         banksel Secon_Brightness
0127   08??           00201         movf    Secon_Brightness,w
0128   1683 1303      00202         banksel PR2
Message[302]: Register in operand not in bank 0.  Ensure that bank bits are correct.
012A   0092           00203         movwf   PR2
012B   2???           00204         goto    Clear_Flag
                      00205         
012C                  00206 Side_Side_Strobe
012C   1283 1303      00207         banksel T2CON
MPASM 5.75                       PROGRAM.ASM   12-6-2017  4:04:44         PAGE 12


LOC  OBJECT CODE     LINE SOURCE TEXT
  VALUE

012E   1912           00208         btfsc   T2CON,TMR2ON
012F   1112           00209         bcf     T2CON,TMR2ON
                      00210 
0130   1283 1303      00211         banksel CCP1CON
0132   0197           00212         clrf    CCP1CON
                      00213         
0133   1283 1303      00214         banksel LEDs
0135   0188           00215         clrf    LEDs
                      00216         
0136   ???? ????      00217         banksel Mode
0138   3002           00218         movlw   B'00000010'
0139   00??           00219         movwf   Mode
                      00220         
013A   1003           00221         bcf     STATUS,C
                      00222         
013B   ???? ????      00223         banksel Direction
013D   1C00           00224         btfss   Direction,0
013E   2???           00225         goto    Direction_1
013F   2???           00226         goto    Direction_2
                      00227 
0140                  00228 Direction_1
0140   ???? ????      00229         banksel LEDs_Data
0142   1800           00230         btfsc   LEDs_Data,LD0
0143   1403           00231         bsf     STATUS,C
0144   0C??           00232         rrf     LEDs_Data,f
0145   2???           00233         goto    Display1
0146                  00234 Direction_2
0146   ???? ????      00235         banksel LEDs_Data
0148   1B80           00236         btfsc   LEDs_Data,LD7
0149   1480           00237         bsf     Direction,1
014A   1800           00238         btfsc   LEDs_Data,LD0
014B   1080           00239         bcf     Direction,1
014C   1880           00240         btfsc   Direction,1
014D   2???           00241         goto    Move_Back
014E   2???           00242         goto    Move_Forth
                      00243         
014F                  00244 Move_Back
014F   0C??           00245         rrf     LEDs_Data,f
0150   2???           00246         goto    Display1
0151                  00247 Move_Forth
0151   0D??           00248         rlf     LEDs_Data,f     
0152   2???           00249         goto    Display1
0153                  00250 Display1
0153   08??           00251         movf    LEDs_Data,W
0154   0088           00252         movwf   LEDs
0155   2???           00253         goto    Back
                      00254         
0156                  00255 LFSR_Shifted
0156   1283 1303      00256         banksel T2CON
0158   1912           00257         btfsc   T2CON,TMR2ON
0159   1112           00258         bcf     T2CON,TMR2ON
                      00259         
015A   1283 1303      00260         banksel CCP1CON
MPASM 5.75                       PROGRAM.ASM   12-6-2017  4:04:44         PAGE 13


LOC  OBJECT CODE     LINE SOURCE TEXT
  VALUE

015C   0197           00261         clrf    CCP1CON
                      00262         
015D   1283 1303      00263         banksel LEDs
015F   0188           00264         clrf    LEDs
                      00265         
0160   ???? ????      00266         banksel Mode
0162   3004           00267         movlw   B'00000100'
0163   00??           00268         movwf   Mode
                      00269         
0164   ???? ????      00270         banksel LFSR_data
0166   0C??           00271         rrf     LFSR_data,f
0167   1C03           00272         btfss   STATUS,C
0168   2???           00273         goto    Display2
0169   2???           00274         goto    Output1
016A                  00275 Output1
016A   ???? ????      00276         banksel LFSR_data
016C   08??           00277         movf    LFSR_data,W
016D   3AB8           00278         xorlw   B'10111000'
016E   00??           00279         movwf   LFSR_data
016F   2???           00280         goto    Display2
0170                  00281 Display2
0170   08??           00282         movf    LFSR_data,W
0171   0088           00283         movwf   LEDs
0172   2???           00284         goto    Clear_Flag
                      00285         
0173                  00286 Clear_Flag
0173   1003           00287         bcf     STATUS,C
0174   2???           00288         goto    Back
                      00289         
0175   0000           00290 Main    nop
                      00291 #include ECH_INIT.inc
                      00001 ; DO NOT EDIT ! ! !
                      00002 
                      00003 ; initialisation of the pins according to board wiring   
                      00004 ;{
                      00005 ; set all outputs to zero before configuring the pinsLEDs to off before configuring the pins
0176   0185           00006                 clrf    PORTA
0177   0186           00007                 clrf    PORTB
0178   0187           00008                 clrf    PORTC
0179   0188           00009                 clrf    PORTD
017A   0189           00010                 clrf    PORTE
                      00011 
017B   1683 1703      00012                 banksel ANSELH                  ; switch to bank 4
                      00013 
                      00014 ; disable analogue inputs except for RA0
Message[302]: Register in operand not in bank 0.  Ensure that bank bits are correct.
017D   0189           00015                 clrf    ANSELH
017E   3001           00016                 movlw   B'00000001'
Message[302]: Register in operand not in bank 0.  Ensure that bank bits are correct.
017F   0088           00017                 movwf   ANSEL
                      00018 
0180   1683 1303      00019                 banksel TRISA                   ; switch to bank 1
                      00020 
MPASM 5.75                       PROGRAM.ASM   12-6-2017  4:04:44         PAGE 14


LOC  OBJECT CODE     LINE SOURCE TEXT
  VALUE

                      00021 ; init unused pins for PORTA (outputs)
0182   3001           00022                 movlw   B'00000001'     ; this constant was in W already, shown here for clarity
Message[302]: Register in operand not in bank 0.  Ensure that bank bits are correct.
0183   0085           00023                 movwf   TRISA
                      00024 
                      00025 ; init PORTB (RB0 for input, unused pins for output)
0184   3001           00026                 movlw   B'00000001'     ; this constant was in W already, shown here for clarity
Message[302]: Register in operand not in bank 0.  Ensure that bank bits are correct.
0185   0086           00027                 movwf   TRISB
                      00028 
                      00029 ; init PORTC (all pins unused - for output)
0186   3000           00030                 movlw   B'00000000'     ; this constant was in W already, shown here for clarity
Message[302]: Register in operand not in bank 0.  Ensure that bank bits are correct.
0187   0087           00031                 movwf   TRISC
                      00032 
                      00033 ; init LEDs (PORTD to outputs)
Message[302]: Register in operand not in bank 0.  Ensure that bank bits are correct.
0188   0188           00034                 clrf    TRISD
                      00035 
                      00036 ; init PORTE (four pins present, RE3 is MCLR anyway; all outputs for simplicity)
0189   30F8           00037                 movlw   B'11111000'     
Message[302]: Register in operand not in bank 0.  Ensure that bank bits are correct.
018A   0089           00038                 movwf   TRISE
                      00039 
                      00040 ; init the TMR0 keeping the two MSBs of OPTION_REG the same
Message[302]: Register in operand not in bank 0.  Ensure that bank bits are correct.
018B   0801           00041                 movfw   OPTION_REG
018C   3908           00042                 andlw   B'00001000'             ; prescaler to WDT to have Tcy clock for TMR0
Message[302]: Register in operand not in bank 0.  Ensure that bank bits are correct.
018D   0081           00043         movwf   OPTION_REG       
                      00044 
                      00045 ; init the ADC - need bank 0 and 1
Message[302]: Register in operand not in bank 0.  Ensure that bank bits are correct.
018E   019F           00046                 clrf    ADCON1          ; Left justified, refernces: Vss and Vdd
018F   1283 1303      00047                 banksel PORTD           ; switch back to bank 0
0191   3041           00048                 movlw   B'01000001'     ; Fosc/8, AN0, enable 
0192   009F           00049                 movwf   ADCON0
                      00050 ;}
                      00051 
                      00052 ;       
                      00053 ; blink LEDs for 0.3 s for testing   
                      00054 ;{
0193   30FF           00055                 movlw   B'11111111'     ; all LEDs ON
0194   0088           00056                 movwf   LEDs
0195   3003           00057                 movlw   D'3'            ; delay
0196   2???           00058                 call    DelWds
0197   0188           00059                 clrf    LEDs            ; all LEDs OFF
0198   3003           00060                 movlw   D'3'            ; delay
0199   2???           00061                 call    DelWds
                      00062 ;}
                      00063 ;
                      00064         
                      00292 ; Place your INITIALISATION code (if any) here ...   
MPASM 5.75                       PROGRAM.ASM   12-6-2017  4:04:44         PAGE 15


LOC  OBJECT CODE     LINE SOURCE TEXT
  VALUE

                      00293 ;{ ***          ***************************************************
                      00294 ; e.g.,         movwf   Ctr1 ; etc
019A                  00295 ModeSelect_Init
019A   1283 1703      00296         banksel CM2CON1
019C   3010           00297         movlw   B'00010000'
Message[302]: Register in operand not in bank 0.  Ensure that bank bits are correct.
019D   0089           00298         movwf   CM2CON1
019E   3094           00299         movlw   B'10010100'
Message[302]: Register in operand not in bank 0.  Ensure that bank bits are correct.
019F   0087           00300         movwf   CM1CON0
01A0   3094           00301         movlw   B'10010100'
Message[302]: Register in operand not in bank 0.  Ensure that bank bits are correct.
01A1   0088           00302         movwf   CM2CON0
01A2   1683 1303      00303         banksel VRCON
01A4   308E           00304         movlw   B'10001110'
Message[302]: Register in operand not in bank 0.  Ensure that bank bits are correct.
01A5   0097           00305         movwf   VRCON
                      00306 
01A6                  00307 PWM_Init
01A6   ???? ????      00308         banksel Frist_Brightness
01A8   30E0           00309         movlw   Brightness4
01A9   00??           00310         movwf   Frist_Brightness
01AA   ???? ????      00311         banksel Secon_Brightness
01AC   301C           00312         movlw   Brightness1
01AD   00??           00313         movwf   Secon_Brightness
01AE   1683 1303      00314         banksel PR2
Message[302]: Register in operand not in bank 0.  Ensure that bank bits are correct.
01B0   0092           00315         movwf   PR2
01B1   1283 1303      00316         banksel CCP1CON
01B3   304C           00317         movlw   B'01001100'
01B4   0097           00318         movwf   CCP1CON
01B5   3004           00319         movlw   B'00000100'
01B6   0095           00320         movwf   CCPR1L
01B7   0192           00321         clrf    T2CON
                      00322         
01B8                  00323 Timer_Init
01B8   ???? ????      00324         banksel Speed1
01BA   301C           00325         movlw   Brightness1
01BB   00??           00326         movwf   Speed1
01BC   00??           00327         movwf   Speed2
01BD   00??           00328         movwf   Speed3
01BE   1283 1303      00329         banksel T1CON
01C0   300B           00330         movlw   B'00001011'
01C1   009D           00331         movwf   CCP2CON
01C2   30E0           00332         movlw   Brightness4
01C3   009C           00333         movwf   CCPR2H
01C4   3031           00334         movlw   B'00110001'
01C5   0090           00335         movwf   T1CON
01C6   1683 1303      00336         banksel PIE2
Message[302]: Register in operand not in bank 0.  Ensure that bank bits are correct.
01C8   140D           00337         bsf     PIE2,CCP2IE
Message[302]: Register in operand not in bank 0.  Ensure that bank bits are correct.
01C9   168D           00338         bsf     PIE2,C1IE
MPASM 5.75                       PROGRAM.ASM   12-6-2017  4:04:44         PAGE 16


LOC  OBJECT CODE     LINE SOURCE TEXT
  VALUE

Message[302]: Register in operand not in bank 0.  Ensure that bank bits are correct.
01CA   170D           00339         bsf     PIE2,C2IE
01CB   1283 1303      00340         banksel INTCON
01CD   30C0           00341         movlw   B'11000000'
01CE   008B           00342         movwf   INTCON
                      00343         
01CF                  00344 SideToSide_Init
01CF   ???? ????      00345         banksel Direction
01D1   1000           00346         bcf     Direction,0
01D2   ???? ????      00347         banksel LEDs_Data
01D4   3001           00348         movlw   B'00000001'
01D5   00??           00349         movwf   LEDs_Data
                      00350         
01D6                  00351 LFSR_Init
01D6   ???? ????      00352         banksel LFSR_data
01D8   30BD           00353         movlw   B'10111101'
01D9   00??           00354         movwf   LFSR_data
                      00355         
                      00356 ; end of your initialisation
01DA   0000           00357 MLoop   nop
                      00358 ; place your superloop code here ...  
                      00359 ;{      
01DB   1806           00360         skipPre
01DC   2???           00361         goto    Loop1
01DD   1C06           00362 Loop2   skipRel
01DE   2???           00363         goto    Loop2
01DF   2???           00364         call    Config_Mode
01E0                  00365 Loop1   
01E0   ???? ????      00366         banksel Runing
01E2   1800           00367         btfsc   Runing,0
01E3   2???           00368         call    Modle_Select
                      00369 ;}      
                      00370 ; end of your superloop code
01E4   2???           00371         goto    MLoop
Warning[205]: Found directive in column 1. (end)
00A4 3EFF             00372 end
MPASM 5.75                       PROGRAM.ASM   12-6-2017  4:04:44         PAGE 17


SYMBOL TABLE
  LABEL                             VALUE 

A                                 00000001
ABDEN                             00000000
ABDOVF                            00000007
ACKDT                             00000005
ACKEN                             00000004
ACKSTAT                           00000006
ADCON0                            0000001F
ADCON1                            0000009F
ADCS0                             00000006
ADCS1                             00000007
ADDEN                             00000003
ADFM                              00000007
ADIE                              00000006
ADIF                              00000006
ADON                              00000000
ADRESH                            0000001E
ADRESL                            0000009E
ANS0                              00000000
ANS1                              00000001
ANS10                             00000002
ANS11                             00000003
ANS12                             00000004
ANS13                             00000005
ANS2                              00000002
ANS3                              00000003
ANS4                              00000004
ANS5                              00000005
ANS6                              00000006
ANS7                              00000007
ANS8                              00000000
ANS9                              00000001
ANSEL                             00000188
ANSELH                            00000189
BAUDCTL                           00000187
BCLIE                             00000003
BCLIF                             00000003
BF                                00000000
BRG0                              00000000
BRG1                              00000001
BRG10                             00000002
BRG11                             00000003
BRG12                             00000004
BRG13                             00000005
BRG14                             00000006
BRG15                             00000007
BRG16                             00000003
BRG2                              00000002
BRG3                              00000003
BRG4                              00000004
BRG5                              00000005
BRG6                              00000006
BRG7                              00000007
BRG8                              00000000
MPASM 5.75                       PROGRAM.ASM   12-6-2017  4:04:44         PAGE 18


SYMBOL TABLE
  LABEL                             VALUE 

BRG9                              00000001
BRGH                              00000002
Back                              00000102
Back_Display                      000000C5
Bop                               00000002
Brightness1                       0000001C
Brightness2                       00000038
Brightness3                       00000070
Brightness4                       000000E0
C                                 00000000
C1CH0                             00000000
C1CH1                             00000001
C1IE                              00000005
C1IF                              00000005
C1OE                              00000005
C1ON                              00000007
C1OUT                             00000006
C1POL                             00000004
C1R                               00000002
C1RSEL                            00000005
C1SEN                             00000005
C2CH0                             00000000
C2CH1                             00000001
C2IE                              00000006
C2IF                              00000006
C2OE                              00000005
C2ON                              00000007
C2OUT                             00000006
C2POL                             00000004
C2R                               00000002
C2REN                             00000004
C2RSEL                            00000004
C2SYNC                            00000000
CCP1CON                           00000017
CCP1IE                            00000002
CCP1IF                            00000002
CCP1M0                            00000000
CCP1M1                            00000001
CCP1M2                            00000002
CCP1M3                            00000003
CCP1X                             00000005
CCP1Y                             00000004
CCP2CON                           0000001D
CCP2IE                            00000000
CCP2IF                            00000000
CCP2M0                            00000000
CCP2M1                            00000001
CCP2M2                            00000002
CCP2M3                            00000003
CCP2X                             00000005
CCP2Y                             00000004
CCPR1                             00000015
CCPR1H                            00000016
MPASM 5.75                       PROGRAM.ASM   12-6-2017  4:04:44         PAGE 19


SYMBOL TABLE
  LABEL                             VALUE 

CCPR1L                            00000015
CCPR2                             0000001B
CCPR2H                            0000001C
CCPR2L                            0000001B
CHS0                              00000002
CHS1                              00000003
CHS2                              00000004
CHS3                              00000005
CKE                               00000006
CKP                               00000004
CM1CON0                           00000107
CM2CON0                           00000108
CM2CON1                           00000109
CREN                              00000004
CSRC                              00000007
Change1                           00000097
Change2                           0000009B
Change3                           0000009F
Clear_Flag                        00000173
Config_Mode                       000000AD
D                                 00000005
DATA_ADDRESS                      00000005
DC                                00000001
DC1B0                             00000004
DC1B1                             00000005
DC2B0                             00000004
DC2B1                             00000005
D_A                               00000005
D_Ctr1                            00000012
D_Ctr2                            00000013
D_Ctr3                            00000014
D_L1                              00000009
D_L2                              00000011
D_L3                              00000016
D_L4                              00000002
D_NOT_A                           00000005
DeBounce                          00000020
DelWds                            00000015
DelWms                            00000010
Del_100us                         00000000
Del_ms                            00000007
Direction                         0000000F
Direction1                        00000001
Direction2                        00000000
Direction_1                       00000140
Direction_2                       00000146
Display1                          00000153
Display2                          00000170
ECCPAS                            0000009C
ECCPAS0                           00000004
ECCPAS1                           00000005
ECCPAS2                           00000006
ECCPASE                           00000007
MPASM 5.75                       PROGRAM.ASM   12-6-2017  4:04:44         PAGE 20


SYMBOL TABLE
  LABEL                             VALUE 

EEADR                             0000010D
EEADRH                            0000010F
EECON1                            0000018C
EECON2                            0000018D
EEDAT                             0000010C
EEDATA                            0000010C
EEDATH                            0000010E
EEIE                              00000004
EEIF                              00000004
EEPGD                             00000007
ExitISR                           000000A8
F                                 00000001
FERR                              00000002
FSR                               00000004
FVREN                             00000000
Frist_Brightness                  00000007
GCEN                              00000007
GIE                               00000007
GO                                00000001
GO_DONE                           00000001
GO_NOT_DONE                       00000001
HTS                               00000002
I2C_DATA                          00000005
I2C_READ                          00000002
I2C_START                         00000003
I2C_STOP                          00000004
INDF                              00000000
INTCON                            0000000B
INTE                              00000004
INTEDG                            00000006
INTF                              00000001
IOCB                              00000096
IOCB0                             00000000
IOCB1                             00000001
IOCB2                             00000002
IOCB3                             00000003
IOCB4                             00000004
IOCB5                             00000005
IOCB6                             00000006
IOCB7                             00000007
IRCF0                             00000004
IRCF1                             00000005
IRCF2                             00000006
IRP                               00000007
ISR                               00000081
LD0                               00000000
LD1                               00000001
LD2                               00000002
LD3                               00000003
LD4                               00000004
LD5                               00000005
LD6                               00000006
LD7                               00000007
MPASM 5.75                       PROGRAM.ASM   12-6-2017  4:04:44         PAGE 21


SYMBOL TABLE
  LABEL                             VALUE 

LEDs                              00000008
LEDs_Data                         0000000E
LFSR_Init                         000001D6
LFSR_N                            000000B8
LFSR_Shifted                      00000156
LFSR_data                         0000000D
LTS                               00000001
Loop1                             000001E0
Loop2                             000001DD
MC1OUT                            00000007
MC2OUT                            00000006
MLoop                             000001DA
MSK                               00000093
MSK0                              00000000
MSK1                              00000001
MSK2                              00000002
MSK3                              00000003
MSK4                              00000004
MSK5                              00000005
MSK6                              00000006
MSK7                              00000007
Main                              00000175
Mode                              00000010
Mode1                             000000CB
Mode2                             000000D7
Mode3                             000000E4
ModeSelect_Init                   0000019A
Modle_Select                      000000FB
Move_Back                         0000014F
Move_Forth                        00000151
NOT_A                             00000005
NOT_ADDRESS                       00000005
NOT_BO                            00000000
NOT_BOR                           00000000
NOT_DONE                          00000001
NOT_PD                            00000003
NOT_POR                           00000001
NOT_RBPU                          00000007
NOT_RC8                           00000006
NOT_T1SYNC                        00000002
NOT_TO                            00000004
NOT_TX8                           00000006
NOT_W                             00000002
NOT_WRITE                         00000002
OERR                              00000001
OPTION_REG                        00000081
OSCCON                            0000008F
OSCTUNE                           00000090
OSFIE                             00000007
OSFIF                             00000007
OSTS                              00000003
Option_Judge1                     000000EB
Option_Judge2                     000000F0
MPASM 5.75                       PROGRAM.ASM   12-6-2017  4:04:44         PAGE 22


SYMBOL TABLE
  LABEL                             VALUE 

Options                           00000011
Output1                           0000016A
P                                 00000004
P1M0                              00000006
P1M1                              00000007
PCL                               00000002
PCLATH                            0000000A
PCON                              0000008E
PDC0                              00000000
PDC1                              00000001
PDC2                              00000002
PDC3                              00000003
PDC4                              00000004
PDC5                              00000005
PDC6                              00000006
PEIE                              00000006
PEN                               00000002
PIE1                              0000008C
PIE2                              0000008D
PIR1                              0000000C
PIR2                              0000000D
PORTA                             00000005
PORTB                             00000006
PORTC                             00000007
PORTD                             00000008
PORTE                             00000009
PR2                               00000092
PRSEN                             00000007
PS0                               00000000
PS1                               00000001
PS2                               00000002
PSA                               00000003
PSSAC0                            00000002
PSSAC1                            00000003
PSSBD0                            00000000
PSSBD1                            00000001
PSTRCON                           0000009D
PULSR                             00000002
PULSS                             00000003
PWM1CON                           0000009B
PWM_Init                          000001A6
R                                 00000002
RA0                               00000000
RA1                               00000001
RA2                               00000002
RA3                               00000003
RA4                               00000004
RA5                               00000005
RA6                               00000006
RA7                               00000007
RADC1                             0000001C
RB0                               00000000
RB1                               00000001
MPASM 5.75                       PROGRAM.ASM   12-6-2017  4:04:44         PAGE 23


SYMBOL TABLE
  LABEL                             VALUE 

RB2                               00000002
RB3                               00000003
RB4                               00000004
RB5                               00000005
RB6                               00000006
RB7                               00000007
RBIE                              00000003
RBIF                              00000000
RC0                               00000000
RC1                               00000001
RC2                               00000002
RC3                               00000003
RC4                               00000004
RC5                               00000005
RC6                               00000006
RC7                               00000007
RC8_9                             00000006
RC9                               00000006
RCD8                              00000000
RCEN                              00000003
RCIDL                             00000006
RCIE                              00000005
RCIF                              00000005
RCREG                             0000001A
RCSTA                             00000018
RD                                00000000
RD0                               00000000
RD1                               00000001
RD2                               00000002
RD3                               00000003
RD4                               00000004
RD5                               00000005
RD6                               00000006
RD7                               00000007
RE0                               00000000
RE1                               00000001
RE2                               00000002
RE3                               00000003
READ_WRITE                        00000002
RP0                               00000005
RP1                               00000006
RSEN                              00000001
RX9                               00000006
RX9D                              00000000
R_NOT_W                           00000002
R_Old                             00000015
R_W                               00000002
ReadADC                           0000001B
Runing                            00000005
S                                 00000003
SBOREN                            00000004
SCKP                              00000004
SCS                               00000000
MPASM 5.75                       PROGRAM.ASM   12-6-2017  4:04:44         PAGE 24


SYMBOL TABLE
  LABEL                             VALUE 

SEN                               00000000
SENDB                             00000003
SMP                               00000007
SPBRG                             00000099
SPBRGH                            0000009A
SPEN                              00000007
SR0                               00000006
SR1                               00000007
SRCON                             00000185
SREN                              00000005
SSPADD                            00000093
SSPBUF                            00000013
SSPCON                            00000014
SSPCON2                           00000091
SSPEN                             00000005
SSPIE                             00000003
SSPIF                             00000003
SSPM0                             00000000
SSPM1                             00000001
SSPM2                             00000002
SSPM3                             00000003
SSPMSK                            00000093
SSPOV                             00000006
SSPSTAT                           00000094
STATUS                            00000003
STATUS_Save                       00000004
STRA                              00000000
STRB                              00000001
STRC                              00000002
STRD                              00000003
STRSYNC                           00000004
ST_TMP                            00000001
SWDTEN                            00000000
SYNC                              00000004
S_Tmp                             00000016
S_Tmp1                            00000017
Secon_Brightness                  00000008
Sel0                              0000003C
Sel1                              0000003F
Sel2                              00000044
Sel3                              00000047
Sel4Rd                            00000030
SelBRd                            0000005D
SelBut                            00000049
SelL2                             00000062
SelMSB1                           00000042
Select4                           0000002C
SelectB                           0000005B
Setting2                          000000F5
SideToSide_Init                   000001CF
Side_Side_Strobe                  0000012C
Speed                             00000006
Speed1                            00000009
MPASM 5.75                       PROGRAM.ASM   12-6-2017  4:04:44         PAGE 25


SYMBOL TABLE
  LABEL                             VALUE 

Speed2                            0000000A
Speed3                            0000000B
Speed4                            0000000C
T0CS                              00000005
T0IE                              00000005
T0IF                              00000002
T0SE                              00000004
T1CKPS0                           00000004
T1CKPS1                           00000005
T1CON                             00000010
T1GINV                            00000007
T1GIV                             00000007
T1GSS                             00000001
T1INSYNC                          00000002
T1OSCEN                           00000003
T1SYNC                            00000002
T2CKPS0                           00000000
T2CKPS1                           00000001
T2CON                             00000012
TIM1                              000000A3
TMR0                              00000001
TMR0IE                            00000005
TMR0IF                            00000002
TMR1                              0000000E
TMR1CS                            00000001
TMR1GE                            00000006
TMR1H                             0000000F
TMR1IE                            00000000
TMR1IF                            00000000
TMR1L                             0000000E
TMR1ON                            00000000
TMR2                              00000011
TMR2IE                            00000001
TMR2IF                            00000001
TMR2ON                            00000002
TOUTPS0                           00000003
TOUTPS1                           00000004
TOUTPS2                           00000005
TOUTPS3                           00000006
TRISA                             00000085
TRISA0                            00000000
TRISA1                            00000001
TRISA2                            00000002
TRISA3                            00000003
TRISA4                            00000004
TRISA5                            00000005
TRISA6                            00000006
TRISA7                            00000007
TRISB                             00000086
TRISB0                            00000000
TRISB1                            00000001
TRISB2                            00000002
TRISB3                            00000003
MPASM 5.75                       PROGRAM.ASM   12-6-2017  4:04:44         PAGE 26


SYMBOL TABLE
  LABEL                             VALUE 

TRISB4                            00000004
TRISB5                            00000005
TRISB6                            00000006
TRISB7                            00000007
TRISC                             00000087
TRISC0                            00000000
TRISC1                            00000001
TRISC2                            00000002
TRISC3                            00000003
TRISC4                            00000004
TRISC5                            00000005
TRISC6                            00000006
TRISC7                            00000007
TRISD                             00000088
TRISD0                            00000000
TRISD1                            00000001
TRISD2                            00000002
TRISD3                            00000003
TRISD4                            00000004
TRISD5                            00000005
TRISD6                            00000006
TRISD7                            00000007
TRISE                             00000089
TRISE0                            00000000
TRISE1                            00000001
TRISE2                            00000002
TRISE3                            00000003
TRMT                              00000001
TUN0                              00000000
TUN1                              00000001
TUN2                              00000002
TUN3                              00000003
TUN4                              00000004
TX8_9                             00000006
TX9                               00000006
TX9D                              00000000
TXD8                              00000000
TXEN                              00000005
TXIE                              00000004
TXIF                              00000004
TXREG                             00000019
TXSTA                             00000098
Temp                              00000000
Test                              0000008C
TestBack                          00000095
Timer_Init                        000001B8
UA                                00000001
ULPWUE                            00000005
ULPWUIE                           00000002
ULPWUIF                           00000002
VCFG0                             00000004
VCFG1                             00000005
VR0                               00000000
MPASM 5.75                       PROGRAM.ASM   12-6-2017  4:04:44         PAGE 27


SYMBOL TABLE
  LABEL                             VALUE 

VR1                               00000001
VR2                               00000002
VR3                               00000003
VRCON                             00000097
VREN                              00000007
VROE                              00000006
VRR                               00000005
VRSS                              00000004
Value_Change1                     0000011E
Value_Change2                     00000125
Variable_PWM                      00000106
W                                 00000000
WCOL                              00000007
WDTCON                            00000105
WDTPS0                            00000001
WDTPS1                            00000002
WDTPS2                            00000003
WDTPS3                            00000004
WPUB                              00000095
WPUB0                             00000000
WPUB1                             00000001
WPUB2                             00000002
WPUB3                             00000003
WPUB4                             00000004
WPUB5                             00000005
WPUB6                             00000006
WPUB7                             00000007
WR                                00000001
WREN                              00000002
WRERR                             00000003
WUE                               00000001
W_Save                            00000003
W_TMP                             00000000
Z                                 00000002
_BOR21V                           00003EFF
_BOR40V                           00003FFF
_BOR4V_BOR21V                     00003EFF
_BOR4V_BOR40V                     00003FFF
_BOREN_NSLEEP                     00003EFF
_BOREN_OFF                        00003CFF
_BOREN_ON                         00003FFF
_BOREN_SBODEN                     00003DFF
_BOR_NSLEEP                       00003EFF
_BOR_OFF                          00003CFF
_BOR_ON                           00003FFF
_BOR_SBODEN                       00003DFF
_CONFIG1                          00002007
_CONFIG2                          00002008
_CPD_OFF                          00003FFF
_CPD_ON                           00003F7F
_CP_OFF                           00003FFF
_CP_ON                            00003FBF
_DEBUG_OFF                        00003FFF
MPASM 5.75                       PROGRAM.ASM   12-6-2017  4:04:44         PAGE 28


SYMBOL TABLE
  LABEL                             VALUE 

_DEBUG_ON                         00001FFF
_DEVID1                           00002006
_EC_OSC                           00003FFB
_EXTRC                            00003FFF
_EXTRCIO                          00003FFE
_EXTRC_OSC_CLKOUT                 00003FFF
_EXTRC_OSC_NOCLKOUT               00003FFE
_FCMEN_OFF                        000037FF
_FCMEN_ON                         00003FFF
_FOSC_EC                          00003FFB
_FOSC_EXTRC_CLKOUT                00003FFF
_FOSC_EXTRC_NOCLKOUT              00003FFE
_FOSC_HS                          00003FFA
_FOSC_INTRC_CLKOUT                00003FFD
_FOSC_INTRC_NOCLKOUT              00003FFC
_FOSC_LP                          00003FF8
_FOSC_XT                          00003FF9
_HS_OSC                           00003FFA
_IDLOC0                           00002000
_IDLOC1                           00002001
_IDLOC2                           00002002
_IDLOC3                           00002003
_IESO_OFF                         00003BFF
_IESO_ON                          00003FFF
_INTOSC                           00003FFD
_INTOSCIO                         00003FFC
_INTRC_OSC_CLKOUT                 00003FFD
_INTRC_OSC_NOCLKOUT               00003FFC
_LP_OSC                           00003FF8
_LVP_OFF                          00002FFF
_LVP_ON                           00003FFF
_MCLRE_OFF                        00003FDF
_MCLRE_ON                         00003FFF
_PWRTE_OFF                        00003FFF
_PWRTE_ON                         00003FEF
_WDTE_OFF                         00003FF7
_WDTE_ON                          00003FFF
_WDT_OFF                          00003FF7
_WDT_ON                           00003FFF
_WRT_1FOURTH                      00003BFF
_WRT_256                          00003DFF
_WRT_HALF                         000039FF
_WRT_OFF                          00003FFF
_XT_OSC                           00003FF9
__16F887                          00000001
skipPre                           btfsc PORTB,RB0
skipRel                           btfss PORTB,RB0

Errors   :     0
Warnings :     1 reported,     0 suppressed
Messages :    32 reported,     0 suppressed

